#
# There is insufficient memory for the Java Runtime Environment to continue.
# Native memory allocation (malloc) failed to allocate 1125184 bytes. Error detail: Chunk::new
# Possible reasons:
#   The system is out of physical RAM or swap space
#   This process is running with CompressedOops enabled, and the Java Heap may be blocking the growth of the native heap
# Possible solutions:
#   Reduce memory load on the system
#   Increase physical memory or swap space
#   Check if swap backing store is full
#   Decrease Java heap size (-Xmx/-Xms)
#   Decrease number of Java threads
#   Decrease Java thread stack sizes (-Xss)
#   Set larger code cache with -XX:ReservedCodeCacheSize=
#   JVM is running with Unscaled Compressed Oops mode in which the Java heap is
#     placed in the first 4GB address space. The Java Heap base address is the
#     maximum limit for the native heap growth. Please use -XX:HeapBaseMinAddress
#     to set the Java Heap base and to place the Java Heap above 4GB virtual address.
# This output file may be truncated or incomplete.
#
#  Out of Memory Error (arena.cpp:168), pid=24324, tid=25904
#
# JRE version: OpenJDK Runtime Environment Temurin-21.0.10+7 (21.0.10+7) (build 21.0.10+7-LTS)
# Java VM: OpenJDK 64-Bit Server VM Temurin-21.0.10+7 (21.0.10+7-LTS, mixed mode, sharing, tiered, compressed oops, compressed class ptrs, g1 gc, windows-amd64)
# No core dump will be written. Minidumps are not enabled by default on client versions of Windows
#

---------------  S U M M A R Y ------------

Command Line: --add-opens=java.base/java.lang=ALL-UNNAMED --add-opens=java.base/java.lang.invoke=ALL-UNNAMED --add-opens=java.base/java.util=ALL-UNNAMED --add-opens=java.prefs/java.util.prefs=ALL-UNNAMED --add-exports=jdk.compiler/com.sun.tools.javac.api=ALL-UNNAMED --add-exports=jdk.compiler/com.sun.tools.javac.util=ALL-UNNAMED --add-opens=java.base/java.util=ALL-UNNAMED --add-opens=java.prefs/java.util.prefs=ALL-UNNAMED --add-opens=java.base/java.nio.charset=ALL-UNNAMED --add-opens=java.base/java.net=ALL-UNNAMED --add-opens=java.base/java.util.concurrent.atomic=ALL-UNNAMED --add-opens=java.xml/javax.xml.namespace=ALL-UNNAMED -XX:MaxMetaspaceSize=384m -XX:+HeapDumpOnOutOfMemoryError -Xms256m -Xmx512m -Dfile.encoding=UTF-8 -Duser.country=FR -Duser.language=fr -Duser.variant -javaagent:C:\Users\DEVBACKEND\.gradle\wrapper\dists\gradle-8.11.1-all\2qik7nd48slq1ooc2496ixf4i\gradle-8.11.1\lib\agents\gradle-instrumentation-agent-8.11.1.jar org.gradle.launcher.daemon.bootstrap.GradleDaemon 8.11.1

Host: Intel(R) Core(TM) Ultra 5 125U, 14 cores, 7G,  Windows 11 , 64 bit Build 26100 (10.0.26100.8246)
Time: Thu May  7 14:45:42 2026 Greenwich elapsed time: 52.508021 seconds (0d 0h 0m 52s)

---------------  T H R E A D  ---------------

Current thread (0x000001bb3dc92630):  JavaThread "C2 CompilerThread0" daemon [_thread_in_native, id=25904, stack(0x000000b713100000,0x000000b713200000) (1024K)]


Current CompileTask:
C2:52508 5828       4       java.lang.invoke.InvokerBytecodeGenerator::addMethod (725 bytes)

Stack: [0x000000b713100000,0x000000b713200000]
Native frames: (J=compiled Java code, j=interpreted, Vv=VM code, C=native code)
V  [jvm.dll+0x6d7a39]
V  [jvm.dll+0x8b4b26]
V  [jvm.dll+0x8b70de]
V  [jvm.dll+0x8b77c3]
V  [jvm.dll+0x284346]
V  [jvm.dll+0xc66ed]
V  [jvm.dll+0xc6c31]
V  [jvm.dll+0x3bec3b]
V  [jvm.dll+0x1e3d62]
V  [jvm.dll+0x24c6b3]
V  [jvm.dll+0x24bb40]
V  [jvm.dll+0x1cb34e]
V  [jvm.dll+0x25b85d]
V  [jvm.dll+0x259dea]
V  [jvm.dll+0x3f857e]
V  [jvm.dll+0x85f59d]
V  [jvm.dll+0x6d626d]
C  [ucrtbase.dll+0x37b0]
C  [KERNEL32.DLL+0x2e8d7]
C  [ntdll.dll+0x8c3fc]


---------------  P R O C E S S  ---------------

Threads class SMR info:
_java_thread_list=0x000001bb5a669350, length=41, elements={
0x000001bb27cba7a0, 0x000001bb3dc839d0, 0x000001bb3dc86440, 0x000001bb3dc87640,
0x000001bb3dc88840, 0x000001bb3dc8d190, 0x000001bb3dc8bef0, 0x000001bb3dc92630,
0x000001bb3dc95330, 0x000001bb53224c20, 0x000001bb5327c570, 0x000001bb58e73180,
0x000001bb590c79f0, 0x000001bb535f0340, 0x000001bb58f9b480, 0x000001bb58f99d50,
0x000001bb58f5c760, 0x000001bb58f38ca0, 0x000001bb58f3a050, 0x000001bb58f37f80,
0x000001bb58f38610, 0x000001bb58f36bd0, 0x000001bb58f39330, 0x000001bb58f378f0,
0x000001bb58f37260, 0x000001bb5b49d660, 0x000001bb5b49bc20, 0x000001bb5b49c2b0,
0x000001bb5b49cfd0, 0x000001bb5b49ea10, 0x000001bb5b49c940, 0x000001bb5b49e380,
0x000001bb5b49b590, 0x000001bb5b49f0a0, 0x000001bb5b4a2bb0, 0x000001bb5b872c40,
0x000001bb5b874680, 0x000001bb5b873960, 0x000001bb5b873ff0, 0x000001bb5b8725b0,
0x000001bb5b874d10
}

Java Threads: ( => current thread )
  0x000001bb27cba7a0 JavaThread "main"                              [_thread_blocked, id=29284, stack(0x000000b712300000,0x000000b712400000) (1024K)]
  0x000001bb3dc839d0 JavaThread "Reference Handler"          daemon [_thread_blocked, id=27512, stack(0x000000b712b00000,0x000000b712c00000) (1024K)]
  0x000001bb3dc86440 JavaThread "Finalizer"                  daemon [_thread_blocked, id=21436, stack(0x000000b712c00000,0x000000b712d00000) (1024K)]
  0x000001bb3dc87640 JavaThread "Signal Dispatcher"          daemon [_thread_blocked, id=21204, stack(0x000000b712d00000,0x000000b712e00000) (1024K)]
  0x000001bb3dc88840 JavaThread "Attach Listener"            daemon [_thread_blocked, id=7800, stack(0x000000b712e00000,0x000000b712f00000) (1024K)]
  0x000001bb3dc8d190 JavaThread "Service Thread"             daemon [_thread_blocked, id=33328, stack(0x000000b712f00000,0x000000b713000000) (1024K)]
  0x000001bb3dc8bef0 JavaThread "Monitor Deflation Thread"   daemon [_thread_blocked, id=29860, stack(0x000000b713000000,0x000000b713100000) (1024K)]
=>0x000001bb3dc92630 JavaThread "C2 CompilerThread0"         daemon [_thread_in_native, id=25904, stack(0x000000b713100000,0x000000b713200000) (1024K)]
  0x000001bb3dc95330 JavaThread "C1 CompilerThread0"         daemon [_thread_blocked, id=27364, stack(0x000000b713200000,0x000000b713300000) (1024K)]
  0x000001bb53224c20 JavaThread "Common-Cleaner"             daemon [_thread_blocked, id=25520, stack(0x000000b713300000,0x000000b713400000) (1024K)]
  0x000001bb5327c570 JavaThread "Notification Thread"        daemon [_thread_blocked, id=7416, stack(0x000000b713400000,0x000000b713500000) (1024K)]
  0x000001bb58e73180 JavaThread "Daemon health stats"               [_thread_blocked, id=6732, stack(0x000000b713c00000,0x000000b713d00000) (1024K)]
  0x000001bb590c79f0 JavaThread "Incoming local TCP Connector on port 60680"        [_thread_in_native, id=34604, stack(0x000000b713d00000,0x000000b713e00000) (1024K)]
  0x000001bb535f0340 JavaThread "Daemon periodic checks"            [_thread_blocked, id=34096, stack(0x000000b713e00000,0x000000b713f00000) (1024K)]
  0x000001bb58f9b480 JavaThread "Daemon"                            [_thread_blocked, id=24892, stack(0x000000b713f00000,0x000000b714000000) (1024K)]
  0x000001bb58f99d50 JavaThread "Handler for socket connection from /127.0.0.1:60680 to /127.0.0.1:60681"        [_thread_in_native, id=10092, stack(0x000000b714000000,0x000000b714100000) (1024K)]
  0x000001bb58f5c760 JavaThread "Cancel handler"                    [_thread_blocked, id=30028, stack(0x000000b714100000,0x000000b714200000) (1024K)]
  0x000001bb58f38ca0 JavaThread "Daemon worker"                     [_thread_in_Java, id=14604, stack(0x000000b714200000,0x000000b714300000) (1024K)]
  0x000001bb58f3a050 JavaThread "Asynchronous log dispatcher for DefaultDaemonConnection: socket connection from /127.0.0.1:60680 to /127.0.0.1:60681"        [_thread_blocked, id=33900, stack(0x000000b714300000,0x000000b714400000) (1024K)]
  0x000001bb58f37f80 JavaThread "Stdin handler"                     [_thread_blocked, id=31656, stack(0x000000b714400000,0x000000b714500000) (1024K)]
  0x000001bb58f38610 JavaThread "Daemon client event forwarder"        [_thread_blocked, id=30884, stack(0x000000b714500000,0x000000b714600000) (1024K)]
  0x000001bb58f36bd0 JavaThread "Cache worker for journal cache (C:\Users\DEVBACKEND\.gradle\caches\journal-1)"        [_thread_blocked, id=21152, stack(0x000000b713500000,0x000000b713600000) (1024K)]
  0x000001bb58f39330 JavaThread "File lock request listener"        [_thread_in_native, id=23064, stack(0x000000b714600000,0x000000b714700000) (1024K)]
  0x000001bb58f378f0 JavaThread "Cache worker for file hash cache (C:\Users\DEVBACKEND\.gradle\caches\8.11.1\fileHashes)"        [_thread_blocked, id=9744, stack(0x000000b714700000,0x000000b714800000) (1024K)]
  0x000001bb58f37260 JavaThread "Cache worker for file content cache (C:\Users\DEVBACKEND\.gradle\caches\8.11.1\fileContent)"        [_thread_blocked, id=33840, stack(0x000000b714a00000,0x000000b714b00000) (1024K)]
  0x000001bb5b49d660 JavaThread "Cache worker for file hash cache (C:\Users\DEVBACKEND\Desktop\LOMI-LOMI\mobile\node_modules\@react-native\gradle-plugin\.gradle\8.11.1\fileHashes)"        [_thread_blocked, id=31224, stack(0x000000b715100000,0x000000b715200000) (1024K)]
  0x000001bb5b49bc20 JavaThread "Cache worker for Build Output Cleanup Cache (C:\Users\DEVBACKEND\Desktop\LOMI-LOMI\mobile\node_modules\@react-native\gradle-plugin\.gradle\buildOutputCleanup)"        [_thread_blocked, id=31932, stack(0x000000b715200000,0x000000b715300000) (1024K)]
  0x000001bb5b49c2b0 JavaThread "File lock release action executor"        [_thread_blocked, id=12432, stack(0x000000b715300000,0x000000b715400000) (1024K)]
  0x000001bb5b49cfd0 JavaThread "File watcher server"        daemon [_thread_in_native, id=29820, stack(0x000000b714800000,0x000000b714900000) (1024K)]
  0x000001bb5b49ea10 JavaThread "File watcher consumer"      daemon [_thread_blocked, id=6356, stack(0x000000b714900000,0x000000b714a00000) (1024K)]
  0x000001bb5b49c940 JavaThread "Cache worker for checksums cache (C:\Users\DEVBACKEND\Desktop\LOMI-LOMI\mobile\node_modules\@react-native\gradle-plugin\.gradle\8.11.1\checksums)"        [_thread_blocked, id=17092, stack(0x000000b715400000,0x000000b715500000) (1024K)]
  0x000001bb5b49e380 JavaThread "Cache worker for cache directory md-rule (C:\Users\DEVBACKEND\.gradle\caches\8.11.1\md-rule)"        [_thread_blocked, id=26708, stack(0x000000b715500000,0x000000b715600000) (1024K)]
  0x000001bb5b49b590 JavaThread "Cache worker for cache directory md-supplier (C:\Users\DEVBACKEND\.gradle\caches\8.11.1\md-supplier)"        [_thread_blocked, id=25580, stack(0x000000b715600000,0x000000b715700000) (1024K)]
  0x000001bb5b49f0a0 JavaThread "jar transforms"                    [_thread_blocked, id=6700, stack(0x000000b715700000,0x000000b715800000) (1024K)]
  0x000001bb5b4a2bb0 JavaThread "jar transforms Thread 2"           [_thread_blocked, id=1424, stack(0x000000b715800000,0x000000b715900000) (1024K)]
  0x000001bb5b872c40 JavaThread "Unconstrained build operations"        [_thread_blocked, id=9320, stack(0x000000b712100000,0x000000b712200000) (1024K)]
  0x000001bb5b874680 JavaThread "Unconstrained build operations Thread 2"        [_thread_blocked, id=24836, stack(0x000000b715900000,0x000000b715a00000) (1024K)]
  0x000001bb5b873960 JavaThread "Unconstrained build operations Thread 3"        [_thread_blocked, id=11648, stack(0x000000b715a00000,0x000000b715b00000) (1024K)]
  0x000001bb5b873ff0 JavaThread "Unconstrained build operations Thread 4"        [_thread_blocked, id=26004, stack(0x000000b715b00000,0x000000b715c00000) (1024K)]
  0x000001bb5b8725b0 JavaThread "Unconstrained build operations Thread 5"        [_thread_blocked, id=13288, stack(0x000000b715c00000,0x000000b715d00000) (1024K)]
  0x000001bb5b874d10 JavaThread "Unconstrained build operations Thread 6"        [_thread_blocked, id=35400, stack(0x000000b715d00000,0x000000b715e00000) (1024K)]
Total: 41

Other Threads:
  0x000001bb3dc67730 VMThread "VM Thread"                           [id=23328, stack(0x000000b712a00000,0x000000b712b00000) (1024K)]
  0x000001bb530819e0 WatcherThread "VM Periodic Task Thread"        [id=34360, stack(0x000000b712900000,0x000000b712a00000) (1024K)]
  0x000001bb27ce5a70 WorkerThread "GC Thread#0"                     [id=28256, stack(0x000000b712400000,0x000000b712500000) (1024K)]
  0x000001bb53544450 WorkerThread "GC Thread#1"                     [id=6352, stack(0x000000b713600000,0x000000b713700000) (1024K)]
  0x000001bb53544800 WorkerThread "GC Thread#2"                     [id=29296, stack(0x000000b713700000,0x000000b713800000) (1024K)]
  0x000001bb53544bb0 WorkerThread "GC Thread#3"                     [id=7500, stack(0x000000b713800000,0x000000b713900000) (1024K)]
  0x000001bb53702ba0 WorkerThread "GC Thread#4"                     [id=6312, stack(0x000000b713900000,0x000000b713a00000) (1024K)]
  0x000001bb53702f50 WorkerThread "GC Thread#5"                     [id=9768, stack(0x000000b713a00000,0x000000b713b00000) (1024K)]
  0x000001bb58f01840 WorkerThread "GC Thread#6"                     [id=31544, stack(0x000000b713b00000,0x000000b713c00000) (1024K)]
  0x000001bb533485f0 WorkerThread "GC Thread#7"                     [id=25548, stack(0x000000b714b00000,0x000000b714c00000) (1024K)]
  0x000001bb53346c20 WorkerThread "GC Thread#8"                     [id=22300, stack(0x000000b714c00000,0x000000b714d00000) (1024K)]
  0x000001bb53348d50 WorkerThread "GC Thread#9"                     [id=16548, stack(0x000000b714d00000,0x000000b714e00000) (1024K)]
  0x000001bb53346870 WorkerThread "GC Thread#10"                    [id=32180, stack(0x000000b714e00000,0x000000b714f00000) (1024K)]
  0x000001bb2586dfd0 ConcurrentGCThread "G1 Main Marker"            [id=33352, stack(0x000000b712500000,0x000000b712600000) (1024K)]
  0x000001bb2586e790 WorkerThread "G1 Conc#0"                       [id=27656, stack(0x000000b712600000,0x000000b712700000) (1024K)]
  0x000001bb53346fd0 WorkerThread "G1 Conc#1"                       [id=13984, stack(0x000000b714f00000,0x000000b715000000) (1024K)]
  0x000001bb53346110 WorkerThread "G1 Conc#2"                       [id=32252, stack(0x000000b715000000,0x000000b715100000) (1024K)]
  0x000001bb3dba5ec0 ConcurrentGCThread "G1 Refine#0"               [id=24080, stack(0x000000b712700000,0x000000b712800000) (1024K)]
  0x000001bb3dbaa700 ConcurrentGCThread "G1 Service"                [id=30848, stack(0x000000b712800000,0x000000b712900000) (1024K)]
Total: 19

Threads with active compile tasks:
C2 CompilerThread0  52590 5828       4       java.lang.invoke.InvokerBytecodeGenerator::addMethod (725 bytes)
Total: 1

VM state: not at safepoint (normal execution)

VM Mutex/Monitor currently owned by a thread: None

Heap address: 0x00000000e0000000, size: 512 MB, Compressed Oops mode: 32-bit

CDS archive(s) mapped at: [0x000001bb3e000000-0x000001bb3eba0000-0x000001bb3eba0000), size 12189696, SharedBaseAddress: 0x000001bb3e000000, ArchiveRelocationMode: 1.
Compressed class space mapped at: 0x000001bb3f000000-0x000001bb53000000, reserved size: 335544320
Narrow klass base: 0x000001bb3e000000, Narrow klass shift: 0, Narrow klass range: 0x100000000

GC Precious Log:
 CardTable entry size: 512
 Card Set container configuration: InlinePtr #cards 5 size 8 Array Of Cards #cards 12 size 40 Howl #buckets 4 coarsen threshold 1843 Howl Bitmap #cards 512 size 80 coarsen threshold 460 Card regions per heap region 1 cards per card region 2048
 CPUs: 14 total, 14 available
 Memory: 7657M
 Large Page Support: Disabled
 NUMA Support: Disabled
 Compressed Oops: Enabled (32-bit)
 Heap Region Size: 1M
 Heap Min Capacity: 256M
 Heap Initial Capacity: 256M
 Heap Max Capacity: 512M
 Pre-touch: Disabled
 Parallel Workers: 11
 Concurrent Workers: 3
 Concurrent Refinement Workers: 11
 Periodic GC: Disabled

Heap:
 garbage-first heap   total 262144K, used 77961K [0x00000000e0000000, 0x0000000100000000)
  region size 1024K, 54 young (55296K), 14 survivors (14336K)
 Metaspace       used 53182K, committed 54848K, reserved 393216K
  class space    used 7719K, committed 8512K, reserved 327680K

Heap Regions: E=young(eden), S=young(survivor), O=old, HS=humongous(starts), HC=humongous(continues), CS=collection set, F=free, TAMS=top-at-mark-start, PB=parsable bottom
|   0|0x00000000e0000000, 0x00000000e0100000, 0x00000000e0100000|100%|HS|  |TAMS 0x00000000e0000000| PB 0x00000000e0000000| Complete 
|   1|0x00000000e0100000, 0x00000000e0200000, 0x00000000e0200000|100%|HC|  |TAMS 0x00000000e0100000| PB 0x00000000e0100000| Complete 
|   2|0x00000000e0200000, 0x00000000e0300000, 0x00000000e0300000|100%|HC|  |TAMS 0x00000000e0200000| PB 0x00000000e0200000| Complete 
|   3|0x00000000e0300000, 0x00000000e0400000, 0x00000000e0400000|100%| O|  |TAMS 0x00000000e0300000| PB 0x00000000e0300000| Untracked 
|   4|0x00000000e0400000, 0x00000000e0500000, 0x00000000e0500000|100%| O|  |TAMS 0x00000000e0400000| PB 0x00000000e0400000| Untracked 
|   5|0x00000000e0500000, 0x00000000e0600000, 0x00000000e0600000|100%| O|  |TAMS 0x00000000e0500000| PB 0x00000000e0500000| Untracked 
|   6|0x00000000e0600000, 0x00000000e0700000, 0x00000000e0700000|100%|HS|  |TAMS 0x00000000e0600000| PB 0x00000000e0600000| Complete 
|   7|0x00000000e0700000, 0x00000000e0800000, 0x00000000e0800000|100%| O|  |TAMS 0x00000000e0700000| PB 0x00000000e0700000| Untracked 
|   8|0x00000000e0800000, 0x00000000e0900000, 0x00000000e0900000|100%| O|  |TAMS 0x00000000e0800000| PB 0x00000000e0800000| Untracked 
|   9|0x00000000e0900000, 0x00000000e0a00000, 0x00000000e0a00000|100%| O|  |TAMS 0x00000000e0900000| PB 0x00000000e0900000| Untracked 
|  10|0x00000000e0a00000, 0x00000000e0b00000, 0x00000000e0b00000|100%| O|  |TAMS 0x00000000e0a00000| PB 0x00000000e0a00000| Untracked 
|  11|0x00000000e0b00000, 0x00000000e0c00000, 0x00000000e0c00000|100%| O|  |TAMS 0x00000000e0b00000| PB 0x00000000e0b00000| Untracked 
|  12|0x00000000e0c00000, 0x00000000e0d00000, 0x00000000e0d00000|100%| O|  |TAMS 0x00000000e0c00000| PB 0x00000000e0c00000| Untracked 
|  13|0x00000000e0d00000, 0x00000000e0e00000, 0x00000000e0e00000|100%| O|  |TAMS 0x00000000e0d00000| PB 0x00000000e0d00000| Untracked 
|  14|0x00000000e0e00000, 0x00000000e0f00000, 0x00000000e0f00000|100%| O|  |TAMS 0x00000000e0e00000| PB 0x00000000e0e00000| Untracked 
|  15|0x00000000e0f00000, 0x00000000e1000000, 0x00000000e1000000|100%| O|  |TAMS 0x00000000e0f00000| PB 0x00000000e0f00000| Untracked 
|  16|0x00000000e1000000, 0x00000000e1100000, 0x00000000e1100000|100%| O|  |TAMS 0x00000000e1000000| PB 0x00000000e1000000| Untracked 
|  17|0x00000000e1100000, 0x00000000e1100000, 0x00000000e1200000|  0%| F|  |TAMS 0x00000000e1100000| PB 0x00000000e1100000| Untracked 
|  18|0x00000000e1200000, 0x00000000e1200000, 0x00000000e1300000|  0%| F|  |TAMS 0x00000000e1200000| PB 0x00000000e1200000| Untracked 
|  19|0x00000000e1300000, 0x00000000e1300000, 0x00000000e1400000|  0%| F|  |TAMS 0x00000000e1300000| PB 0x00000000e1300000| Untracked 
|  20|0x00000000e1400000, 0x00000000e1400000, 0x00000000e1500000|  0%| F|  |TAMS 0x00000000e1400000| PB 0x00000000e1400000| Untracked 
|  21|0x00000000e1500000, 0x00000000e1500000, 0x00000000e1600000|  0%| F|  |TAMS 0x00000000e1500000| PB 0x00000000e1500000| Untracked 
|  22|0x00000000e1600000, 0x00000000e1600000, 0x00000000e1700000|  0%| F|  |TAMS 0x00000000e1600000| PB 0x00000000e1600000| Untracked 
|  23|0x00000000e1700000, 0x00000000e1700000, 0x00000000e1800000|  0%| F|  |TAMS 0x00000000e1700000| PB 0x00000000e1700000| Untracked 
|  24|0x00000000e1800000, 0x00000000e1900000, 0x00000000e1900000|100%| O|  |TAMS 0x00000000e1800000| PB 0x00000000e1800000| Untracked 
|  25|0x00000000e1900000, 0x00000000e1a00000, 0x00000000e1a00000|100%| O|  |TAMS 0x00000000e1900000| PB 0x00000000e1900000| Untracked 
|  26|0x00000000e1a00000, 0x00000000e1b00000, 0x00000000e1b00000|100%| O|  |TAMS 0x00000000e1a00000| PB 0x00000000e1a00000| Untracked 
|  27|0x00000000e1b00000, 0x00000000e1c00000, 0x00000000e1c00000|100%| O|  |TAMS 0x00000000e1b00000| PB 0x00000000e1b00000| Untracked 
|  28|0x00000000e1c00000, 0x00000000e1d00000, 0x00000000e1d00000|100%| O|  |TAMS 0x00000000e1c00000| PB 0x00000000e1c00000| Untracked 
|  29|0x00000000e1d00000, 0x00000000e1e00000, 0x00000000e1e00000|100%| O|  |TAMS 0x00000000e1d00000| PB 0x00000000e1d00000| Untracked 
|  30|0x00000000e1e00000, 0x00000000e1e45bd8, 0x00000000e1f00000| 27%| O|  |TAMS 0x00000000e1e00000| PB 0x00000000e1e00000| Untracked 
|  31|0x00000000e1f00000, 0x00000000e1f00000, 0x00000000e2000000|  0%| F|  |TAMS 0x00000000e1f00000| PB 0x00000000e1f00000| Untracked 
|  32|0x00000000e2000000, 0x00000000e2000000, 0x00000000e2100000|  0%| F|  |TAMS 0x00000000e2000000| PB 0x00000000e2000000| Untracked 
|  33|0x00000000e2100000, 0x00000000e2100000, 0x00000000e2200000|  0%| F|  |TAMS 0x00000000e2100000| PB 0x00000000e2100000| Untracked 
|  34|0x00000000e2200000, 0x00000000e2200000, 0x00000000e2300000|  0%| F|  |TAMS 0x00000000e2200000| PB 0x00000000e2200000| Untracked 
|  35|0x00000000e2300000, 0x00000000e2300000, 0x00000000e2400000|  0%| F|  |TAMS 0x00000000e2300000| PB 0x00000000e2300000| Untracked 
|  36|0x00000000e2400000, 0x00000000e2400000, 0x00000000e2500000|  0%| F|  |TAMS 0x00000000e2400000| PB 0x00000000e2400000| Untracked 
|  37|0x00000000e2500000, 0x00000000e2500000, 0x00000000e2600000|  0%| F|  |TAMS 0x00000000e2500000| PB 0x00000000e2500000| Untracked 
|  38|0x00000000e2600000, 0x00000000e2600000, 0x00000000e2700000|  0%| F|  |TAMS 0x00000000e2600000| PB 0x00000000e2600000| Untracked 
|  39|0x00000000e2700000, 0x00000000e2700000, 0x00000000e2800000|  0%| F|  |TAMS 0x00000000e2700000| PB 0x00000000e2700000| Untracked 
|  40|0x00000000e2800000, 0x00000000e2800000, 0x00000000e2900000|  0%| F|  |TAMS 0x00000000e2800000| PB 0x00000000e2800000| Untracked 
|  41|0x00000000e2900000, 0x00000000e2900000, 0x00000000e2a00000|  0%| F|  |TAMS 0x00000000e2900000| PB 0x00000000e2900000| Untracked 
|  42|0x00000000e2a00000, 0x00000000e2a00000, 0x00000000e2b00000|  0%| F|  |TAMS 0x00000000e2a00000| PB 0x00000000e2a00000| Untracked 
|  43|0x00000000e2b00000, 0x00000000e2b00000, 0x00000000e2c00000|  0%| F|  |TAMS 0x00000000e2b00000| PB 0x00000000e2b00000| Untracked 
|  44|0x00000000e2c00000, 0x00000000e2c00000, 0x00000000e2d00000|  0%| F|  |TAMS 0x00000000e2c00000| PB 0x00000000e2c00000| Untracked 
|  45|0x00000000e2d00000, 0x00000000e2d00000, 0x00000000e2e00000|  0%| F|  |TAMS 0x00000000e2d00000| PB 0x00000000e2d00000| Untracked 
|  46|0x00000000e2e00000, 0x00000000e2e00000, 0x00000000e2f00000|  0%| F|  |TAMS 0x00000000e2e00000| PB 0x00000000e2e00000| Untracked 
|  47|0x00000000e2f00000, 0x00000000e2f00000, 0x00000000e3000000|  0%| F|  |TAMS 0x00000000e2f00000| PB 0x00000000e2f00000| Untracked 
|  48|0x00000000e3000000, 0x00000000e3000000, 0x00000000e3100000|  0%| F|  |TAMS 0x00000000e3000000| PB 0x00000000e3000000| Untracked 
|  49|0x00000000e3100000, 0x00000000e3100000, 0x00000000e3200000|  0%| F|  |TAMS 0x00000000e3100000| PB 0x00000000e3100000| Untracked 
|  50|0x00000000e3200000, 0x00000000e3200000, 0x00000000e3300000|  0%| F|  |TAMS 0x00000000e3200000| PB 0x00000000e3200000| Untracked 
|  51|0x00000000e3300000, 0x00000000e3300000, 0x00000000e3400000|  0%| F|  |TAMS 0x00000000e3300000| PB 0x00000000e3300000| Untracked 
|  52|0x00000000e3400000, 0x00000000e3400000, 0x00000000e3500000|  0%| F|  |TAMS 0x00000000e3400000| PB 0x00000000e3400000| Untracked 
|  53|0x00000000e3500000, 0x00000000e3500000, 0x00000000e3600000|  0%| F|  |TAMS 0x00000000e3500000| PB 0x00000000e3500000| Untracked 
|  54|0x00000000e3600000, 0x00000000e3600000, 0x00000000e3700000|  0%| F|  |TAMS 0x00000000e3600000| PB 0x00000000e3600000| Untracked 
|  55|0x00000000e3700000, 0x00000000e3700000, 0x00000000e3800000|  0%| F|  |TAMS 0x00000000e3700000| PB 0x00000000e3700000| Untracked 
|  56|0x00000000e3800000, 0x00000000e3800000, 0x00000000e3900000|  0%| F|  |TAMS 0x00000000e3800000| PB 0x00000000e3800000| Untracked 
|  57|0x00000000e3900000, 0x00000000e3900000, 0x00000000e3a00000|  0%| F|  |TAMS 0x00000000e3900000| PB 0x00000000e3900000| Untracked 
|  58|0x00000000e3a00000, 0x00000000e3a00000, 0x00000000e3b00000|  0%| F|  |TAMS 0x00000000e3a00000| PB 0x00000000e3a00000| Untracked 
|  59|0x00000000e3b00000, 0x00000000e3b00000, 0x00000000e3c00000|  0%| F|  |TAMS 0x00000000e3b00000| PB 0x00000000e3b00000| Untracked 
|  60|0x00000000e3c00000, 0x00000000e3c00000, 0x00000000e3d00000|  0%| F|  |TAMS 0x00000000e3c00000| PB 0x00000000e3c00000| Untracked 
|  61|0x00000000e3d00000, 0x00000000e3d00000, 0x00000000e3e00000|  0%| F|  |TAMS 0x00000000e3d00000| PB 0x00000000e3d00000| Untracked 
|  62|0x00000000e3e00000, 0x00000000e3e00000, 0x00000000e3f00000|  0%| F|  |TAMS 0x00000000e3e00000| PB 0x00000000e3e00000| Untracked 
|  63|0x00000000e3f00000, 0x00000000e3f00000, 0x00000000e4000000|  0%| F|  |TAMS 0x00000000e3f00000| PB 0x00000000e3f00000| Untracked 
|  64|0x00000000e4000000, 0x00000000e4000000, 0x00000000e4100000|  0%| F|  |TAMS 0x00000000e4000000| PB 0x00000000e4000000| Untracked 
|  65|0x00000000e4100000, 0x00000000e4100000, 0x00000000e4200000|  0%| F|  |TAMS 0x00000000e4100000| PB 0x00000000e4100000| Untracked 
|  66|0x00000000e4200000, 0x00000000e4200000, 0x00000000e4300000|  0%| F|  |TAMS 0x00000000e4200000| PB 0x00000000e4200000| Untracked 
|  67|0x00000000e4300000, 0x00000000e4300000, 0x00000000e4400000|  0%| F|  |TAMS 0x00000000e4300000| PB 0x00000000e4300000| Untracked 
|  68|0x00000000e4400000, 0x00000000e4400000, 0x00000000e4500000|  0%| F|  |TAMS 0x00000000e4400000| PB 0x00000000e4400000| Untracked 
|  69|0x00000000e4500000, 0x00000000e4500000, 0x00000000e4600000|  0%| F|  |TAMS 0x00000000e4500000| PB 0x00000000e4500000| Untracked 
|  70|0x00000000e4600000, 0x00000000e4600000, 0x00000000e4700000|  0%| F|  |TAMS 0x00000000e4600000| PB 0x00000000e4600000| Untracked 
|  71|0x00000000e4700000, 0x00000000e4700000, 0x00000000e4800000|  0%| F|  |TAMS 0x00000000e4700000| PB 0x00000000e4700000| Untracked 
|  72|0x00000000e4800000, 0x00000000e4800000, 0x00000000e4900000|  0%| F|  |TAMS 0x00000000e4800000| PB 0x00000000e4800000| Untracked 
|  73|0x00000000e4900000, 0x00000000e4900000, 0x00000000e4a00000|  0%| F|  |TAMS 0x00000000e4900000| PB 0x00000000e4900000| Untracked 
|  74|0x00000000e4a00000, 0x00000000e4a00000, 0x00000000e4b00000|  0%| F|  |TAMS 0x00000000e4a00000| PB 0x00000000e4a00000| Untracked 
|  75|0x00000000e4b00000, 0x00000000e4b00000, 0x00000000e4c00000|  0%| F|  |TAMS 0x00000000e4b00000| PB 0x00000000e4b00000| Untracked 
|  76|0x00000000e4c00000, 0x00000000e4c00000, 0x00000000e4d00000|  0%| F|  |TAMS 0x00000000e4c00000| PB 0x00000000e4c00000| Untracked 
|  77|0x00000000e4d00000, 0x00000000e4d00000, 0x00000000e4e00000|  0%| F|  |TAMS 0x00000000e4d00000| PB 0x00000000e4d00000| Untracked 
|  78|0x00000000e4e00000, 0x00000000e4e00000, 0x00000000e4f00000|  0%| F|  |TAMS 0x00000000e4e00000| PB 0x00000000e4e00000| Untracked 
|  79|0x00000000e4f00000, 0x00000000e4f00000, 0x00000000e5000000|  0%| F|  |TAMS 0x00000000e4f00000| PB 0x00000000e4f00000| Untracked 
|  80|0x00000000e5000000, 0x00000000e5000000, 0x00000000e5100000|  0%| F|  |TAMS 0x00000000e5000000| PB 0x00000000e5000000| Untracked 
|  81|0x00000000e5100000, 0x00000000e5100000, 0x00000000e5200000|  0%| F|  |TAMS 0x00000000e5100000| PB 0x00000000e5100000| Untracked 
|  82|0x00000000e5200000, 0x00000000e5200000, 0x00000000e5300000|  0%| F|  |TAMS 0x00000000e5200000| PB 0x00000000e5200000| Untracked 
|  83|0x00000000e5300000, 0x00000000e5300000, 0x00000000e5400000|  0%| F|  |TAMS 0x00000000e5300000| PB 0x00000000e5300000| Untracked 
|  84|0x00000000e5400000, 0x00000000e5400000, 0x00000000e5500000|  0%| F|  |TAMS 0x00000000e5400000| PB 0x00000000e5400000| Untracked 
|  85|0x00000000e5500000, 0x00000000e5500000, 0x00000000e5600000|  0%| F|  |TAMS 0x00000000e5500000| PB 0x00000000e5500000| Untracked 
|  86|0x00000000e5600000, 0x00000000e5600000, 0x00000000e5700000|  0%| F|  |TAMS 0x00000000e5600000| PB 0x00000000e5600000| Untracked 
|  87|0x00000000e5700000, 0x00000000e5700000, 0x00000000e5800000|  0%| F|  |TAMS 0x00000000e5700000| PB 0x00000000e5700000| Untracked 
|  88|0x00000000e5800000, 0x00000000e5800000, 0x00000000e5900000|  0%| F|  |TAMS 0x00000000e5800000| PB 0x00000000e5800000| Untracked 
|  89|0x00000000e5900000, 0x00000000e59dc990, 0x00000000e5a00000| 86%| S|CS|TAMS 0x00000000e5900000| PB 0x00000000e5900000| Complete 
|  90|0x00000000e5a00000, 0x00000000e5b00000, 0x00000000e5b00000|100%| S|CS|TAMS 0x00000000e5a00000| PB 0x00000000e5a00000| Complete 
|  91|0x00000000e5b00000, 0x00000000e5c00000, 0x00000000e5c00000|100%| S|CS|TAMS 0x00000000e5b00000| PB 0x00000000e5b00000| Complete 
|  92|0x00000000e5c00000, 0x00000000e5d00000, 0x00000000e5d00000|100%| S|CS|TAMS 0x00000000e5c00000| PB 0x00000000e5c00000| Complete 
|  93|0x00000000e5d00000, 0x00000000e5e00000, 0x00000000e5e00000|100%| S|CS|TAMS 0x00000000e5d00000| PB 0x00000000e5d00000| Complete 
|  94|0x00000000e5e00000, 0x00000000e5f00000, 0x00000000e5f00000|100%| S|CS|TAMS 0x00000000e5e00000| PB 0x00000000e5e00000| Complete 
|  95|0x00000000e5f00000, 0x00000000e6000000, 0x00000000e6000000|100%| S|CS|TAMS 0x00000000e5f00000| PB 0x00000000e5f00000| Complete 
|  96|0x00000000e6000000, 0x00000000e6100000, 0x00000000e6100000|100%| S|CS|TAMS 0x00000000e6000000| PB 0x00000000e6000000| Complete 
|  97|0x00000000e6100000, 0x00000000e6200000, 0x00000000e6200000|100%| S|CS|TAMS 0x00000000e6100000| PB 0x00000000e6100000| Complete 
|  98|0x00000000e6200000, 0x00000000e6300000, 0x00000000e6300000|100%| S|CS|TAMS 0x00000000e6200000| PB 0x00000000e6200000| Complete 
|  99|0x00000000e6300000, 0x00000000e6400000, 0x00000000e6400000|100%| S|CS|TAMS 0x00000000e6300000| PB 0x00000000e6300000| Complete 
| 100|0x00000000e6400000, 0x00000000e6500000, 0x00000000e6500000|100%| S|CS|TAMS 0x00000000e6400000| PB 0x00000000e6400000| Complete 
| 101|0x00000000e6500000, 0x00000000e6600000, 0x00000000e6600000|100%| S|CS|TAMS 0x00000000e6500000| PB 0x00000000e6500000| Complete 
| 102|0x00000000e6600000, 0x00000000e6700000, 0x00000000e6700000|100%| S|CS|TAMS 0x00000000e6600000| PB 0x00000000e6600000| Complete 
| 103|0x00000000e6700000, 0x00000000e6700000, 0x00000000e6800000|  0%| F|  |TAMS 0x00000000e6700000| PB 0x00000000e6700000| Untracked 
| 104|0x00000000e6800000, 0x00000000e6800000, 0x00000000e6900000|  0%| F|  |TAMS 0x00000000e6800000| PB 0x00000000e6800000| Untracked 
| 105|0x00000000e6900000, 0x00000000e6900000, 0x00000000e6a00000|  0%| F|  |TAMS 0x00000000e6900000| PB 0x00000000e6900000| Untracked 
| 106|0x00000000e6a00000, 0x00000000e6a00000, 0x00000000e6b00000|  0%| F|  |TAMS 0x00000000e6a00000| PB 0x00000000e6a00000| Untracked 
| 107|0x00000000e6b00000, 0x00000000e6b00000, 0x00000000e6c00000|  0%| F|  |TAMS 0x00000000e6b00000| PB 0x00000000e6b00000| Untracked 
| 108|0x00000000e6c00000, 0x00000000e6c00000, 0x00000000e6d00000|  0%| F|  |TAMS 0x00000000e6c00000| PB 0x00000000e6c00000| Untracked 
| 109|0x00000000e6d00000, 0x00000000e6d00000, 0x00000000e6e00000|  0%| F|  |TAMS 0x00000000e6d00000| PB 0x00000000e6d00000| Untracked 
| 110|0x00000000e6e00000, 0x00000000e6e00000, 0x00000000e6f00000|  0%| F|  |TAMS 0x00000000e6e00000| PB 0x00000000e6e00000| Untracked 
| 111|0x00000000e6f00000, 0x00000000e6f00000, 0x00000000e7000000|  0%| F|  |TAMS 0x00000000e6f00000| PB 0x00000000e6f00000| Untracked 
| 112|0x00000000e7000000, 0x00000000e7000000, 0x00000000e7100000|  0%| F|  |TAMS 0x00000000e7000000| PB 0x00000000e7000000| Untracked 
| 113|0x00000000e7100000, 0x00000000e7100000, 0x00000000e7200000|  0%| F|  |TAMS 0x00000000e7100000| PB 0x00000000e7100000| Untracked 
| 114|0x00000000e7200000, 0x00000000e7200000, 0x00000000e7300000|  0%| F|  |TAMS 0x00000000e7200000| PB 0x00000000e7200000| Untracked 
| 115|0x00000000e7300000, 0x00000000e7300000, 0x00000000e7400000|  0%| F|  |TAMS 0x00000000e7300000| PB 0x00000000e7300000| Untracked 
| 116|0x00000000e7400000, 0x00000000e7400000, 0x00000000e7500000|  0%| F|  |TAMS 0x00000000e7400000| PB 0x00000000e7400000| Untracked 
| 117|0x00000000e7500000, 0x00000000e7500000, 0x00000000e7600000|  0%| F|  |TAMS 0x00000000e7500000| PB 0x00000000e7500000| Untracked 
| 118|0x00000000e7600000, 0x00000000e7600000, 0x00000000e7700000|  0%| F|  |TAMS 0x00000000e7600000| PB 0x00000000e7600000| Untracked 
| 119|0x00000000e7700000, 0x00000000e7700000, 0x00000000e7800000|  0%| F|  |TAMS 0x00000000e7700000| PB 0x00000000e7700000| Untracked 
| 120|0x00000000e7800000, 0x00000000e7800000, 0x00000000e7900000|  0%| F|  |TAMS 0x00000000e7800000| PB 0x00000000e7800000| Untracked 
| 121|0x00000000e7900000, 0x00000000e7900000, 0x00000000e7a00000|  0%| F|  |TAMS 0x00000000e7900000| PB 0x00000000e7900000| Untracked 
| 122|0x00000000e7a00000, 0x00000000e7a00000, 0x00000000e7b00000|  0%| F|  |TAMS 0x00000000e7a00000| PB 0x00000000e7a00000| Untracked 
| 123|0x00000000e7b00000, 0x00000000e7b00000, 0x00000000e7c00000|  0%| F|  |TAMS 0x00000000e7b00000| PB 0x00000000e7b00000| Untracked 
| 124|0x00000000e7c00000, 0x00000000e7c00000, 0x00000000e7d00000|  0%| F|  |TAMS 0x00000000e7c00000| PB 0x00000000e7c00000| Untracked 
| 125|0x00000000e7d00000, 0x00000000e7d00000, 0x00000000e7e00000|  0%| F|  |TAMS 0x00000000e7d00000| PB 0x00000000e7d00000| Untracked 
| 126|0x00000000e7e00000, 0x00000000e7e00000, 0x00000000e7f00000|  0%| F|  |TAMS 0x00000000e7e00000| PB 0x00000000e7e00000| Untracked 
| 127|0x00000000e7f00000, 0x00000000e7f00000, 0x00000000e8000000|  0%| F|  |TAMS 0x00000000e7f00000| PB 0x00000000e7f00000| Untracked 
| 128|0x00000000e8000000, 0x00000000e8000000, 0x00000000e8100000|  0%| F|  |TAMS 0x00000000e8000000| PB 0x00000000e8000000| Untracked 
| 129|0x00000000e8100000, 0x00000000e8100000, 0x00000000e8200000|  0%| F|  |TAMS 0x00000000e8100000| PB 0x00000000e8100000| Untracked 
| 130|0x00000000e8200000, 0x00000000e8200000, 0x00000000e8300000|  0%| F|  |TAMS 0x00000000e8200000| PB 0x00000000e8200000| Untracked 
| 131|0x00000000e8300000, 0x00000000e8300000, 0x00000000e8400000|  0%| F|  |TAMS 0x00000000e8300000| PB 0x00000000e8300000| Untracked 
| 132|0x00000000e8400000, 0x00000000e8400000, 0x00000000e8500000|  0%| F|  |TAMS 0x00000000e8400000| PB 0x00000000e8400000| Untracked 
| 133|0x00000000e8500000, 0x00000000e8500000, 0x00000000e8600000|  0%| F|  |TAMS 0x00000000e8500000| PB 0x00000000e8500000| Untracked 
| 134|0x00000000e8600000, 0x00000000e8600000, 0x00000000e8700000|  0%| F|  |TAMS 0x00000000e8600000| PB 0x00000000e8600000| Untracked 
| 135|0x00000000e8700000, 0x00000000e8700000, 0x00000000e8800000|  0%| F|  |TAMS 0x00000000e8700000| PB 0x00000000e8700000| Untracked 
| 136|0x00000000e8800000, 0x00000000e8800000, 0x00000000e8900000|  0%| F|  |TAMS 0x00000000e8800000| PB 0x00000000e8800000| Untracked 
| 137|0x00000000e8900000, 0x00000000e8900000, 0x00000000e8a00000|  0%| F|  |TAMS 0x00000000e8900000| PB 0x00000000e8900000| Untracked 
| 138|0x00000000e8a00000, 0x00000000e8a00000, 0x00000000e8b00000|  0%| F|  |TAMS 0x00000000e8a00000| PB 0x00000000e8a00000| Untracked 
| 139|0x00000000e8b00000, 0x00000000e8b00000, 0x00000000e8c00000|  0%| F|  |TAMS 0x00000000e8b00000| PB 0x00000000e8b00000| Untracked 
| 140|0x00000000e8c00000, 0x00000000e8c00000, 0x00000000e8d00000|  0%| F|  |TAMS 0x00000000e8c00000| PB 0x00000000e8c00000| Untracked 
| 141|0x00000000e8d00000, 0x00000000e8d00000, 0x00000000e8e00000|  0%| F|  |TAMS 0x00000000e8d00000| PB 0x00000000e8d00000| Untracked 
| 142|0x00000000e8e00000, 0x00000000e8e00000, 0x00000000e8f00000|  0%| F|  |TAMS 0x00000000e8e00000| PB 0x00000000e8e00000| Untracked 
| 143|0x00000000e8f00000, 0x00000000e8f00000, 0x00000000e9000000|  0%| F|  |TAMS 0x00000000e8f00000| PB 0x00000000e8f00000| Untracked 
| 144|0x00000000e9000000, 0x00000000e9000000, 0x00000000e9100000|  0%| F|  |TAMS 0x00000000e9000000| PB 0x00000000e9000000| Untracked 
| 145|0x00000000e9100000, 0x00000000e9100000, 0x00000000e9200000|  0%| F|  |TAMS 0x00000000e9100000| PB 0x00000000e9100000| Untracked 
| 146|0x00000000e9200000, 0x00000000e9200000, 0x00000000e9300000|  0%| F|  |TAMS 0x00000000e9200000| PB 0x00000000e9200000| Untracked 
| 147|0x00000000e9300000, 0x00000000e9300000, 0x00000000e9400000|  0%| F|  |TAMS 0x00000000e9300000| PB 0x00000000e9300000| Untracked 
| 148|0x00000000e9400000, 0x00000000e9400000, 0x00000000e9500000|  0%| F|  |TAMS 0x00000000e9400000| PB 0x00000000e9400000| Untracked 
| 149|0x00000000e9500000, 0x00000000e9500000, 0x00000000e9600000|  0%| F|  |TAMS 0x00000000e9500000| PB 0x00000000e9500000| Untracked 
| 150|0x00000000e9600000, 0x00000000e9600000, 0x00000000e9700000|  0%| F|  |TAMS 0x00000000e9600000| PB 0x00000000e9600000| Untracked 
| 151|0x00000000e9700000, 0x00000000e9700000, 0x00000000e9800000|  0%| F|  |TAMS 0x00000000e9700000| PB 0x00000000e9700000| Untracked 
| 152|0x00000000e9800000, 0x00000000e9800000, 0x00000000e9900000|  0%| F|  |TAMS 0x00000000e9800000| PB 0x00000000e9800000| Untracked 
| 153|0x00000000e9900000, 0x00000000e9900000, 0x00000000e9a00000|  0%| F|  |TAMS 0x00000000e9900000| PB 0x00000000e9900000| Untracked 
| 154|0x00000000e9a00000, 0x00000000e9a00000, 0x00000000e9b00000|  0%| F|  |TAMS 0x00000000e9a00000| PB 0x00000000e9a00000| Untracked 
| 155|0x00000000e9b00000, 0x00000000e9b00000, 0x00000000e9c00000|  0%| F|  |TAMS 0x00000000e9b00000| PB 0x00000000e9b00000| Untracked 
| 156|0x00000000e9c00000, 0x00000000e9c00000, 0x00000000e9d00000|  0%| F|  |TAMS 0x00000000e9c00000| PB 0x00000000e9c00000| Untracked 
| 157|0x00000000e9d00000, 0x00000000e9d00000, 0x00000000e9e00000|  0%| F|  |TAMS 0x00000000e9d00000| PB 0x00000000e9d00000| Untracked 
| 158|0x00000000e9e00000, 0x00000000e9e00000, 0x00000000e9f00000|  0%| F|  |TAMS 0x00000000e9e00000| PB 0x00000000e9e00000| Untracked 
| 159|0x00000000e9f00000, 0x00000000e9f00000, 0x00000000ea000000|  0%| F|  |TAMS 0x00000000e9f00000| PB 0x00000000e9f00000| Untracked 
| 160|0x00000000ea000000, 0x00000000ea000000, 0x00000000ea100000|  0%| F|  |TAMS 0x00000000ea000000| PB 0x00000000ea000000| Untracked 
| 161|0x00000000ea100000, 0x00000000ea100000, 0x00000000ea200000|  0%| F|  |TAMS 0x00000000ea100000| PB 0x00000000ea100000| Untracked 
| 162|0x00000000ea200000, 0x00000000ea200000, 0x00000000ea300000|  0%| F|  |TAMS 0x00000000ea200000| PB 0x00000000ea200000| Untracked 
| 163|0x00000000ea300000, 0x00000000ea300000, 0x00000000ea400000|  0%| F|  |TAMS 0x00000000ea300000| PB 0x00000000ea300000| Untracked 
| 164|0x00000000ea400000, 0x00000000ea400000, 0x00000000ea500000|  0%| F|  |TAMS 0x00000000ea400000| PB 0x00000000ea400000| Untracked 
| 165|0x00000000ea500000, 0x00000000ea500000, 0x00000000ea600000|  0%| F|  |TAMS 0x00000000ea500000| PB 0x00000000ea500000| Untracked 
| 166|0x00000000ea600000, 0x00000000ea600000, 0x00000000ea700000|  0%| F|  |TAMS 0x00000000ea600000| PB 0x00000000ea600000| Untracked 
| 167|0x00000000ea700000, 0x00000000ea700000, 0x00000000ea800000|  0%| F|  |TAMS 0x00000000ea700000| PB 0x00000000ea700000| Untracked 
| 168|0x00000000ea800000, 0x00000000ea800000, 0x00000000ea900000|  0%| F|  |TAMS 0x00000000ea800000| PB 0x00000000ea800000| Untracked 
| 169|0x00000000ea900000, 0x00000000ea900000, 0x00000000eaa00000|  0%| F|  |TAMS 0x00000000ea900000| PB 0x00000000ea900000| Untracked 
| 170|0x00000000eaa00000, 0x00000000eaa00000, 0x00000000eab00000|  0%| F|  |TAMS 0x00000000eaa00000| PB 0x00000000eaa00000| Untracked 
| 171|0x00000000eab00000, 0x00000000eab00000, 0x00000000eac00000|  0%| F|  |TAMS 0x00000000eab00000| PB 0x00000000eab00000| Untracked 
| 172|0x00000000eac00000, 0x00000000eac00000, 0x00000000ead00000|  0%| F|  |TAMS 0x00000000eac00000| PB 0x00000000eac00000| Untracked 
| 173|0x00000000ead00000, 0x00000000ead00000, 0x00000000eae00000|  0%| F|  |TAMS 0x00000000ead00000| PB 0x00000000ead00000| Untracked 
| 174|0x00000000eae00000, 0x00000000eae00000, 0x00000000eaf00000|  0%| F|  |TAMS 0x00000000eae00000| PB 0x00000000eae00000| Untracked 
| 175|0x00000000eaf00000, 0x00000000eaf00000, 0x00000000eb000000|  0%| F|  |TAMS 0x00000000eaf00000| PB 0x00000000eaf00000| Untracked 
| 176|0x00000000eb000000, 0x00000000eb000000, 0x00000000eb100000|  0%| F|  |TAMS 0x00000000eb000000| PB 0x00000000eb000000| Untracked 
| 177|0x00000000eb100000, 0x00000000eb100000, 0x00000000eb200000|  0%| F|  |TAMS 0x00000000eb100000| PB 0x00000000eb100000| Untracked 
| 178|0x00000000eb200000, 0x00000000eb200000, 0x00000000eb300000|  0%| F|  |TAMS 0x00000000eb200000| PB 0x00000000eb200000| Untracked 
| 179|0x00000000eb300000, 0x00000000eb300000, 0x00000000eb400000|  0%| F|  |TAMS 0x00000000eb300000| PB 0x00000000eb300000| Untracked 
| 180|0x00000000eb400000, 0x00000000eb400000, 0x00000000eb500000|  0%| F|  |TAMS 0x00000000eb400000| PB 0x00000000eb400000| Untracked 
| 181|0x00000000eb500000, 0x00000000eb500000, 0x00000000eb600000|  0%| F|  |TAMS 0x00000000eb500000| PB 0x00000000eb500000| Untracked 
| 182|0x00000000eb600000, 0x00000000eb600000, 0x00000000eb700000|  0%| F|  |TAMS 0x00000000eb600000| PB 0x00000000eb600000| Untracked 
| 183|0x00000000eb700000, 0x00000000eb700000, 0x00000000eb800000|  0%| F|  |TAMS 0x00000000eb700000| PB 0x00000000eb700000| Untracked 
| 184|0x00000000eb800000, 0x00000000eb800000, 0x00000000eb900000|  0%| F|  |TAMS 0x00000000eb800000| PB 0x00000000eb800000| Untracked 
| 185|0x00000000eb900000, 0x00000000eb900000, 0x00000000eba00000|  0%| F|  |TAMS 0x00000000eb900000| PB 0x00000000eb900000| Untracked 
| 186|0x00000000eba00000, 0x00000000eba00000, 0x00000000ebb00000|  0%| F|  |TAMS 0x00000000eba00000| PB 0x00000000eba00000| Untracked 
| 187|0x00000000ebb00000, 0x00000000ebb00000, 0x00000000ebc00000|  0%| F|  |TAMS 0x00000000ebb00000| PB 0x00000000ebb00000| Untracked 
| 188|0x00000000ebc00000, 0x00000000ebc00000, 0x00000000ebd00000|  0%| F|  |TAMS 0x00000000ebc00000| PB 0x00000000ebc00000| Untracked 
| 189|0x00000000ebd00000, 0x00000000ebd00000, 0x00000000ebe00000|  0%| F|  |TAMS 0x00000000ebd00000| PB 0x00000000ebd00000| Untracked 
| 190|0x00000000ebe00000, 0x00000000ebe00000, 0x00000000ebf00000|  0%| F|  |TAMS 0x00000000ebe00000| PB 0x00000000ebe00000| Untracked 
| 191|0x00000000ebf00000, 0x00000000ebf00000, 0x00000000ec000000|  0%| F|  |TAMS 0x00000000ebf00000| PB 0x00000000ebf00000| Untracked 
| 192|0x00000000ec000000, 0x00000000ec000000, 0x00000000ec100000|  0%| F|  |TAMS 0x00000000ec000000| PB 0x00000000ec000000| Untracked 
| 193|0x00000000ec100000, 0x00000000ec100000, 0x00000000ec200000|  0%| F|  |TAMS 0x00000000ec100000| PB 0x00000000ec100000| Untracked 
| 194|0x00000000ec200000, 0x00000000ec200000, 0x00000000ec300000|  0%| F|  |TAMS 0x00000000ec200000| PB 0x00000000ec200000| Untracked 
| 195|0x00000000ec300000, 0x00000000ec300000, 0x00000000ec400000|  0%| F|  |TAMS 0x00000000ec300000| PB 0x00000000ec300000| Untracked 
| 196|0x00000000ec400000, 0x00000000ec400000, 0x00000000ec500000|  0%| F|  |TAMS 0x00000000ec400000| PB 0x00000000ec400000| Untracked 
| 197|0x00000000ec500000, 0x00000000ec500000, 0x00000000ec600000|  0%| F|  |TAMS 0x00000000ec500000| PB 0x00000000ec500000| Untracked 
| 198|0x00000000ec600000, 0x00000000ec600000, 0x00000000ec700000|  0%| F|  |TAMS 0x00000000ec600000| PB 0x00000000ec600000| Untracked 
| 199|0x00000000ec700000, 0x00000000ec700000, 0x00000000ec800000|  0%| F|  |TAMS 0x00000000ec700000| PB 0x00000000ec700000| Untracked 
| 200|0x00000000ec800000, 0x00000000ec800000, 0x00000000ec900000|  0%| F|  |TAMS 0x00000000ec800000| PB 0x00000000ec800000| Untracked 
| 201|0x00000000ec900000, 0x00000000ec900000, 0x00000000eca00000|  0%| F|  |TAMS 0x00000000ec900000| PB 0x00000000ec900000| Untracked 
| 202|0x00000000eca00000, 0x00000000eca00000, 0x00000000ecb00000|  0%| F|  |TAMS 0x00000000eca00000| PB 0x00000000eca00000| Untracked 
| 203|0x00000000ecb00000, 0x00000000ecb00000, 0x00000000ecc00000|  0%| F|  |TAMS 0x00000000ecb00000| PB 0x00000000ecb00000| Untracked 
| 204|0x00000000ecc00000, 0x00000000ecc00000, 0x00000000ecd00000|  0%| F|  |TAMS 0x00000000ecc00000| PB 0x00000000ecc00000| Untracked 
| 205|0x00000000ecd00000, 0x00000000ecd00000, 0x00000000ece00000|  0%| F|  |TAMS 0x00000000ecd00000| PB 0x00000000ecd00000| Untracked 
| 206|0x00000000ece00000, 0x00000000ece00000, 0x00000000ecf00000|  0%| F|  |TAMS 0x00000000ece00000| PB 0x00000000ece00000| Untracked 
| 207|0x00000000ecf00000, 0x00000000ecf00000, 0x00000000ed000000|  0%| F|  |TAMS 0x00000000ecf00000| PB 0x00000000ecf00000| Untracked 
| 208|0x00000000ed000000, 0x00000000ed000000, 0x00000000ed100000|  0%| F|  |TAMS 0x00000000ed000000| PB 0x00000000ed000000| Untracked 
| 209|0x00000000ed100000, 0x00000000ed100000, 0x00000000ed200000|  0%| F|  |TAMS 0x00000000ed100000| PB 0x00000000ed100000| Untracked 
| 210|0x00000000ed200000, 0x00000000ed200000, 0x00000000ed300000|  0%| F|  |TAMS 0x00000000ed200000| PB 0x00000000ed200000| Untracked 
| 211|0x00000000ed300000, 0x00000000ed300000, 0x00000000ed400000|  0%| F|  |TAMS 0x00000000ed300000| PB 0x00000000ed300000| Untracked 
| 212|0x00000000ed400000, 0x00000000ed400000, 0x00000000ed500000|  0%| F|  |TAMS 0x00000000ed400000| PB 0x00000000ed400000| Untracked 
| 213|0x00000000ed500000, 0x00000000ed500000, 0x00000000ed600000|  0%| F|  |TAMS 0x00000000ed500000| PB 0x00000000ed500000| Untracked 
| 214|0x00000000ed600000, 0x00000000ed600000, 0x00000000ed700000|  0%| F|  |TAMS 0x00000000ed600000| PB 0x00000000ed600000| Untracked 
| 215|0x00000000ed700000, 0x00000000ed700000, 0x00000000ed800000|  0%| F|  |TAMS 0x00000000ed700000| PB 0x00000000ed700000| Untracked 
| 216|0x00000000ed800000, 0x00000000ed880000, 0x00000000ed900000| 50%| E|  |TAMS 0x00000000ed800000| PB 0x00000000ed800000| Complete 
| 217|0x00000000ed900000, 0x00000000eda00000, 0x00000000eda00000|100%| E|CS|TAMS 0x00000000ed900000| PB 0x00000000ed900000| Complete 
| 218|0x00000000eda00000, 0x00000000edb00000, 0x00000000edb00000|100%| E|CS|TAMS 0x00000000eda00000| PB 0x00000000eda00000| Complete 
| 219|0x00000000edb00000, 0x00000000edc00000, 0x00000000edc00000|100%| E|CS|TAMS 0x00000000edb00000| PB 0x00000000edb00000| Complete 
| 220|0x00000000edc00000, 0x00000000edd00000, 0x00000000edd00000|100%| E|CS|TAMS 0x00000000edc00000| PB 0x00000000edc00000| Complete 
| 221|0x00000000edd00000, 0x00000000ede00000, 0x00000000ede00000|100%| E|CS|TAMS 0x00000000edd00000| PB 0x00000000edd00000| Complete 
| 222|0x00000000ede00000, 0x00000000edf00000, 0x00000000edf00000|100%| E|CS|TAMS 0x00000000ede00000| PB 0x00000000ede00000| Complete 
| 223|0x00000000edf00000, 0x00000000ee000000, 0x00000000ee000000|100%| E|CS|TAMS 0x00000000edf00000| PB 0x00000000edf00000| Complete 
| 224|0x00000000ee000000, 0x00000000ee100000, 0x00000000ee100000|100%| E|CS|TAMS 0x00000000ee000000| PB 0x00000000ee000000| Complete 
| 225|0x00000000ee100000, 0x00000000ee200000, 0x00000000ee200000|100%| E|CS|TAMS 0x00000000ee100000| PB 0x00000000ee100000| Complete 
| 226|0x00000000ee200000, 0x00000000ee300000, 0x00000000ee300000|100%| E|CS|TAMS 0x00000000ee200000| PB 0x00000000ee200000| Complete 
| 227|0x00000000ee300000, 0x00000000ee400000, 0x00000000ee400000|100%| E|CS|TAMS 0x00000000ee300000| PB 0x00000000ee300000| Complete 
| 228|0x00000000ee400000, 0x00000000ee500000, 0x00000000ee500000|100%| E|CS|TAMS 0x00000000ee400000| PB 0x00000000ee400000| Complete 
| 229|0x00000000ee500000, 0x00000000ee600000, 0x00000000ee600000|100%| E|CS|TAMS 0x00000000ee500000| PB 0x00000000ee500000| Complete 
| 230|0x00000000ee600000, 0x00000000ee700000, 0x00000000ee700000|100%| E|CS|TAMS 0x00000000ee600000| PB 0x00000000ee600000| Complete 
| 231|0x00000000ee700000, 0x00000000ee800000, 0x00000000ee800000|100%| E|CS|TAMS 0x00000000ee700000| PB 0x00000000ee700000| Complete 
| 232|0x00000000ee800000, 0x00000000ee900000, 0x00000000ee900000|100%| E|CS|TAMS 0x00000000ee800000| PB 0x00000000ee800000| Complete 
| 233|0x00000000ee900000, 0x00000000eea00000, 0x00000000eea00000|100%| E|CS|TAMS 0x00000000ee900000| PB 0x00000000ee900000| Complete 
| 234|0x00000000eea00000, 0x00000000eeb00000, 0x00000000eeb00000|100%| E|CS|TAMS 0x00000000eea00000| PB 0x00000000eea00000| Complete 
| 235|0x00000000eeb00000, 0x00000000eec00000, 0x00000000eec00000|100%| E|CS|TAMS 0x00000000eeb00000| PB 0x00000000eeb00000| Complete 
| 236|0x00000000eec00000, 0x00000000eed00000, 0x00000000eed00000|100%| E|CS|TAMS 0x00000000eec00000| PB 0x00000000eec00000| Complete 
| 237|0x00000000eed00000, 0x00000000eee00000, 0x00000000eee00000|100%| E|CS|TAMS 0x00000000eed00000| PB 0x00000000eed00000| Complete 
| 238|0x00000000eee00000, 0x00000000eef00000, 0x00000000eef00000|100%| E|CS|TAMS 0x00000000eee00000| PB 0x00000000eee00000| Complete 
| 239|0x00000000eef00000, 0x00000000ef000000, 0x00000000ef000000|100%| E|CS|TAMS 0x00000000eef00000| PB 0x00000000eef00000| Complete 
| 240|0x00000000ef000000, 0x00000000ef100000, 0x00000000ef100000|100%| E|CS|TAMS 0x00000000ef000000| PB 0x00000000ef000000| Complete 
| 241|0x00000000ef100000, 0x00000000ef200000, 0x00000000ef200000|100%| E|CS|TAMS 0x00000000ef100000| PB 0x00000000ef100000| Complete 
| 242|0x00000000ef200000, 0x00000000ef300000, 0x00000000ef300000|100%| E|CS|TAMS 0x00000000ef200000| PB 0x00000000ef200000| Complete 
| 243|0x00000000ef300000, 0x00000000ef400000, 0x00000000ef400000|100%| E|CS|TAMS 0x00000000ef300000| PB 0x00000000ef300000| Complete 
| 244|0x00000000ef400000, 0x00000000ef500000, 0x00000000ef500000|100%| E|CS|TAMS 0x00000000ef400000| PB 0x00000000ef400000| Complete 
| 245|0x00000000ef500000, 0x00000000ef600000, 0x00000000ef600000|100%| E|CS|TAMS 0x00000000ef500000| PB 0x00000000ef500000| Complete 
| 246|0x00000000ef600000, 0x00000000ef700000, 0x00000000ef700000|100%| E|CS|TAMS 0x00000000ef600000| PB 0x00000000ef600000| Complete 
| 247|0x00000000ef700000, 0x00000000ef800000, 0x00000000ef800000|100%| E|CS|TAMS 0x00000000ef700000| PB 0x00000000ef700000| Complete 
| 248|0x00000000ef800000, 0x00000000ef900000, 0x00000000ef900000|100%| E|CS|TAMS 0x00000000ef800000| PB 0x00000000ef800000| Complete 
| 249|0x00000000ef900000, 0x00000000efa00000, 0x00000000efa00000|100%| E|CS|TAMS 0x00000000ef900000| PB 0x00000000ef900000| Complete 
| 250|0x00000000efa00000, 0x00000000efb00000, 0x00000000efb00000|100%| E|CS|TAMS 0x00000000efa00000| PB 0x00000000efa00000| Complete 
| 251|0x00000000efb00000, 0x00000000efc00000, 0x00000000efc00000|100%| E|CS|TAMS 0x00000000efb00000| PB 0x00000000efb00000| Complete 
| 252|0x00000000efc00000, 0x00000000efd00000, 0x00000000efd00000|100%| E|CS|TAMS 0x00000000efc00000| PB 0x00000000efc00000| Complete 
| 253|0x00000000efd00000, 0x00000000efe00000, 0x00000000efe00000|100%| E|CS|TAMS 0x00000000efd00000| PB 0x00000000efd00000| Complete 
| 254|0x00000000efe00000, 0x00000000eff00000, 0x00000000eff00000|100%| E|CS|TAMS 0x00000000efe00000| PB 0x00000000efe00000| Complete 
| 255|0x00000000eff00000, 0x00000000f0000000, 0x00000000f0000000|100%| E|CS|TAMS 0x00000000eff00000| PB 0x00000000eff00000| Complete 

Card table byte_map: [0x000001bb3a600000,0x000001bb3a700000] _byte_map_base: 0x000001bb39f00000

Marking Bits: (CMBitMap*) 0x000001bb27ce5f90
 Bits: [0x000001bb3a700000, 0x000001bb3af00000)

Polling page: 0x000001bb25aa0000

Metaspace:

Usage:
  Non-class:     44.40 MB used.
      Class:      7.54 MB used.
       Both:     51.94 MB used.

Virtual space:
  Non-class space:       64.00 MB reserved,      45.25 MB ( 71%) committed,  1 nodes.
      Class space:      320.00 MB reserved,       8.31 MB (  3%) committed,  1 nodes.
             Both:      384.00 MB reserved,      53.56 MB ( 14%) committed. 

Chunk freelists:
   Non-Class:  2.51 MB
       Class:  7.54 MB
        Both:  10.05 MB

MaxMetaspaceSize: 384.00 MB
CompressedClassSpaceSize: 320.00 MB
Initial GC threshold: 21.00 MB
Current GC threshold: 58.69 MB
CDS: on
 - commit_granule_bytes: 65536.
 - commit_granule_words: 8192.
 - virtual_space_node_default_size: 8388608.
 - enlarge_chunks_in_place: 1.
 - use_allocation_guard: 0.


Internal statistics:

num_allocs_failed_limit: 6.
num_arena_births: 2926.
num_arena_deaths: 0.
num_vsnodes_births: 2.
num_vsnodes_deaths: 0.
num_space_committed: 857.
num_space_uncommitted: 0.
num_chunks_returned_to_freelist: 6.
num_chunks_taken_from_freelist: 5401.
num_chunk_merges: 3.
num_chunk_splits: 3542.
num_chunks_enlarged: 2219.
num_inconsistent_stats: 0.

CodeHeap 'non-profiled nmethods': size=120000Kb used=3094Kb max_used=3094Kb free=116905Kb
 bounds [0x000001bb32970000, 0x000001bb32c80000, 0x000001bb39ea0000]
CodeHeap 'profiled nmethods': size=120000Kb used=10171Kb max_used=10171Kb free=109828Kb
 bounds [0x000001bb2aea0000, 0x000001bb2b890000, 0x000001bb323d0000]
CodeHeap 'non-nmethods': size=5760Kb used=2632Kb max_used=2652Kb free=3127Kb
 bounds [0x000001bb323d0000, 0x000001bb32670000, 0x000001bb32970000]
CodeCache: size=245760Kb, used=15897Kb, max_used=15917Kb, free=229860Kb
 total_blobs=6249, nmethods=5352, adapters=801, full_count=0
Compilation: enabled, stopped_count=0, restarted_count=0

Compilation events (20 events):
Event: 51.411 Thread 0x000001bb3dc95330 5877       1       java.beans.FeatureDescriptor::setPreferred (6 bytes)
Event: 51.411 Thread 0x000001bb3dc95330 nmethod 5877 0x000001bb32c74810 code [0x000001bb32c749a0, 0x000001bb32c74a70]
Event: 51.411 Thread 0x000001bb3dc95330 5871       1       com.sun.beans.introspect.PropertyInfo::getIndexed (5 bytes)
Event: 51.412 Thread 0x000001bb3dc95330 nmethod 5871 0x000001bb32c74b10 code [0x000001bb32c74ca0, 0x000001bb32c74d68]
Event: 51.413 Thread 0x000001bb3dc95330 5880       3       java.beans.Introspector::addPropertyDescriptor (265 bytes)
Event: 51.417 Thread 0x000001bb3dc95330 nmethod 5880 0x000001bb2b87d290 code [0x000001bb2b87d940, 0x000001bb2b882398]
Event: 51.417 Thread 0x000001bb3dc95330 5883       3       java.beans.PropertyDescriptor::setPropertyType (9 bytes)
Event: 51.417 Thread 0x000001bb3dc95330 nmethod 5883 0x000001bb2b883710 code [0x000001bb2b8838e0, 0x000001bb2b883c68]
Event: 51.417 Thread 0x000001bb3dc95330 5881       3       com.sun.beans.introspect.PropertyInfo::getInfo (61 bytes)
Event: 51.418 Thread 0x000001bb3dc95330 nmethod 5881 0x000001bb2b883d90 code [0x000001bb2b883fa0, 0x000001bb2b8846a8]
Event: 51.418 Thread 0x000001bb3dc95330 5882       3       com.sun.beans.introspect.MethodInfo::resolve (12 bytes)
Event: 51.418 Thread 0x000001bb3dc95330 nmethod 5882 0x000001bb2b884890 code [0x000001bb2b884ac0, 0x000001bb2b885000]
Event: 51.430 Thread 0x000001bb3dc95330 5884       3       groovy.lang.MetaClassImpl::establishStaticMetaProperty (262 bytes)
Event: 51.430 Thread 0x000001bb3dc95330 nmethod 5884 0x000001bb2b885210 code [0x000001bb2b8854e0, 0x000001bb2b886c20]
Event: 51.442 Thread 0x000001bb3dc95330 5885       3       sun.reflect.generics.reflectiveObjects.WildcardTypeImpl::getUpperBounds (34 bytes)
Event: 51.442 Thread 0x000001bb3dc95330 nmethod 5885 0x000001bb2b887110 code [0x000001bb2b887300, 0x000001bb2b887960]
Event: 51.443 Thread 0x000001bb3dc95330 5886       3       groovy.lang.MetaClassImpl$$Lambda/0x000001bb3f5a0f98::apply (8 bytes)
Event: 51.443 Thread 0x000001bb3dc95330 nmethod 5886 0x000001bb2b887a90 code [0x000001bb2b887c60, 0x000001bb2b888038]
Event: 51.445 Thread 0x000001bb3dc95330 5887       3       org.gradle.internal.dispatch.ProxyDispatchAdapter$DispatchingInvocationHandler::invoke (184 bytes)
Event: 52.460 Thread 0x000001bb3dc95330 nmethod 5887 0x000001bb2b888190 code [0x000001bb2b888640, 0x000001bb2b88a930]

GC Heap History (12 events):
Event: 1.457 GC heap before
{Heap before GC invocations=0 (full 0):
 garbage-first heap   total 262144K, used 22528K [0x00000000e0000000, 0x0000000100000000)
  region size 1024K, 23 young (23552K), 0 survivors (0K)
 Metaspace       used 1080K, committed 1216K, reserved 393216K
  class space    used 81K, committed 128K, reserved 327680K
}
Event: 1.466 GC heap after
{Heap after GC invocations=1 (full 0):
 garbage-first heap   total 262144K, used 2693K [0x00000000e0000000, 0x0000000100000000)
  region size 1024K, 3 young (3072K), 3 survivors (3072K)
 Metaspace       used 1080K, committed 1216K, reserved 393216K
  class space    used 81K, committed 128K, reserved 327680K
}
Event: 2.740 GC heap before
{Heap before GC invocations=1 (full 0):
 garbage-first heap   total 262144K, used 40581K [0x00000000e0000000, 0x0000000100000000)
  region size 1024K, 38 young (38912K), 3 survivors (3072K)
 Metaspace       used 4361K, committed 4544K, reserved 393216K
  class space    used 553K, committed 640K, reserved 327680K
}
Event: 2.745 GC heap after
{Heap after GC invocations=2 (full 0):
 garbage-first heap   total 262144K, used 10304K [0x00000000e0000000, 0x0000000100000000)
  region size 1024K, 5 young (5120K), 5 survivors (5120K)
 Metaspace       used 4361K, committed 4544K, reserved 393216K
  class space    used 553K, committed 640K, reserved 327680K
}
Event: 3.955 GC heap before
{Heap before GC invocations=2 (full 0):
 garbage-first heap   total 262144K, used 61504K [0x00000000e0000000, 0x0000000100000000)
  region size 1024K, 53 young (54272K), 5 survivors (5120K)
 Metaspace       used 5821K, committed 6080K, reserved 393216K
  class space    used 777K, committed 896K, reserved 327680K
}
Event: 3.962 GC heap after
{Heap after GC invocations=3 (full 0):
 garbage-first heap   total 262144K, used 17709K [0x00000000e0000000, 0x0000000100000000)
  region size 1024K, 6 young (6144K), 6 survivors (6144K)
 Metaspace       used 5821K, committed 6080K, reserved 393216K
  class space    used 777K, committed 896K, reserved 327680K
}
Event: 7.291 GC heap before
{Heap before GC invocations=3 (full 0):
 garbage-first heap   total 262144K, used 107821K [0x00000000e0000000, 0x0000000100000000)
  region size 1024K, 95 young (97280K), 6 survivors (6144K)
 Metaspace       used 20835K, committed 21504K, reserved 393216K
  class space    used 3082K, committed 3392K, reserved 327680K
}
Event: 7.301 GC heap after
{Heap after GC invocations=4 (full 0):
 garbage-first heap   total 262144K, used 24090K [0x00000000e0000000, 0x0000000100000000)
  region size 1024K, 13 young (13312K), 13 survivors (13312K)
 Metaspace       used 20835K, committed 21504K, reserved 393216K
  class space    used 3082K, committed 3392K, reserved 327680K
}
Event: 15.070 GC heap before
{Heap before GC invocations=5 (full 0):
 garbage-first heap   total 262144K, used 114202K [0x00000000e0000000, 0x0000000100000000)
  region size 1024K, 103 young (105472K), 13 survivors (13312K)
 Metaspace       used 34682K, committed 35968K, reserved 393216K
  class space    used 5172K, committed 5824K, reserved 327680K
}
Event: 15.089 GC heap after
{Heap after GC invocations=6 (full 0):
 garbage-first heap   total 262144K, used 30564K [0x00000000e0000000, 0x0000000100000000)
  region size 1024K, 14 young (14336K), 14 survivors (14336K)
 Metaspace       used 34682K, committed 35968K, reserved 393216K
  class space    used 5172K, committed 5824K, reserved 327680K
}
Event: 41.534 GC heap before
{Heap before GC invocations=7 (full 0):
 garbage-first heap   total 262144K, used 179044K [0x00000000e0000000, 0x0000000100000000)
  region size 1024K, 153 young (156672K), 14 survivors (14336K)
 Metaspace       used 48042K, committed 49600K, reserved 393216K
  class space    used 6969K, committed 7744K, reserved 327680K
}
Event: 41.724 GC heap after
{Heap after GC invocations=8 (full 0):
 garbage-first heap   total 262144K, used 38025K [0x00000000e0000000, 0x0000000100000000)
  region size 1024K, 14 young (14336K), 14 survivors (14336K)
 Metaspace       used 48042K, committed 49600K, reserved 393216K
  class space    used 6969K, committed 7744K, reserved 327680K
}

Dll operation events (14 events):
Event: 0.108 Loaded shared library C:\Users\DEVBACKEND\.vscode\extensions\redhat.java-1.55.2026050508-win32-x64\jre\21.0.10-win32-x86_64\bin\java.dll
Event: 0.322 Loaded shared library C:\Users\DEVBACKEND\.vscode\extensions\redhat.java-1.55.2026050508-win32-x64\jre\21.0.10-win32-x86_64\bin\zip.dll
Event: 0.351 Loaded shared library C:\Users\DEVBACKEND\.vscode\extensions\redhat.java-1.55.2026050508-win32-x64\jre\21.0.10-win32-x86_64\bin\instrument.dll
Event: 0.360 Loaded shared library C:\Users\DEVBACKEND\.vscode\extensions\redhat.java-1.55.2026050508-win32-x64\jre\21.0.10-win32-x86_64\bin\net.dll
Event: 0.363 Loaded shared library C:\Users\DEVBACKEND\.vscode\extensions\redhat.java-1.55.2026050508-win32-x64\jre\21.0.10-win32-x86_64\bin\nio.dll
Event: 0.368 Loaded shared library C:\Users\DEVBACKEND\.vscode\extensions\redhat.java-1.55.2026050508-win32-x64\jre\21.0.10-win32-x86_64\bin\zip.dll
Event: 1.267 Loaded shared library C:\Users\DEVBACKEND\.vscode\extensions\redhat.java-1.55.2026050508-win32-x64\jre\21.0.10-win32-x86_64\bin\jimage.dll
Event: 1.867 Loaded shared library C:\Users\DEVBACKEND\.vscode\extensions\redhat.java-1.55.2026050508-win32-x64\jre\21.0.10-win32-x86_64\bin\verify.dll
Event: 2.100 Loaded shared library C:\Users\DEVBACKEND\.gradle\native\c067742578af261105cb4f569cf0c3c89f3d7b1fecec35dd04571415982c5e48\windows-amd64\native-platform.dll
Event: 2.123 Loaded shared library C:\Users\DEVBACKEND\.gradle\native\100fb08df4bc3b14c8652ba06237920a3bd2aa13389f12d3474272988ae205f9\windows-amd64\native-platform-file-events.dll
Event: 4.045 Loaded shared library C:\Users\DEVBACKEND\.vscode\extensions\redhat.java-1.55.2026050508-win32-x64\jre\21.0.10-win32-x86_64\bin\management.dll
Event: 4.053 Loaded shared library C:\Users\DEVBACKEND\.vscode\extensions\redhat.java-1.55.2026050508-win32-x64\jre\21.0.10-win32-x86_64\bin\management_ext.dll
Event: 4.546 Loaded shared library C:\Users\DEVBACKEND\.vscode\extensions\redhat.java-1.55.2026050508-win32-x64\jre\21.0.10-win32-x86_64\bin\extnet.dll
Event: 4.853 Loaded shared library C:\Users\DEVBACKEND\.vscode\extensions\redhat.java-1.55.2026050508-win32-x64\jre\21.0.10-win32-x86_64\bin\sunmscapi.dll

Deoptimization events (20 events):
Event: 49.204 Thread 0x000001bb58f38ca0 Uncommon trap: trap_request=0xffffff45 fr.pc=0x000001bb32c4c5d4 relative=0x00000000000007b4
Event: 49.204 Thread 0x000001bb58f38ca0 Uncommon trap: reason=unstable_if action=reinterpret pc=0x000001bb32c4c5d4 method=java.util.HashMap.putVal(ILjava/lang/Object;Ljava/lang/Object;ZZ)Ljava/lang/Object; @ 109 c2
Event: 49.204 Thread 0x000001bb58f38ca0 DEOPT PACKING pc=0x000001bb32c4c5d4 sp=0x000000b7142f9160
Event: 49.204 Thread 0x000001bb58f38ca0 DEOPT UNPACKING pc=0x000001bb32424422 sp=0x000000b7142f9078 mode 2
Event: 49.204 Thread 0x000001bb58f38ca0 Uncommon trap: trap_request=0xffffff45 fr.pc=0x000001bb3299e8a8 relative=0x0000000000000988
Event: 49.204 Thread 0x000001bb58f38ca0 Uncommon trap: reason=unstable_if action=reinterpret pc=0x000001bb3299e8a8 method=java.util.HashMap.resize()[Ljava/util/HashMap$Node; @ 203 c2
Event: 49.204 Thread 0x000001bb58f38ca0 DEOPT PACKING pc=0x000001bb3299e8a8 sp=0x000000b7142f9020
Event: 49.204 Thread 0x000001bb58f38ca0 DEOPT UNPACKING pc=0x000001bb32424422 sp=0x000000b7142f8fb0 mode 2
Event: 49.204 Thread 0x000001bb58f38ca0 Uncommon trap: trap_request=0xffffff45 fr.pc=0x000001bb32bc0200 relative=0x0000000000000240
Event: 49.204 Thread 0x000001bb58f38ca0 Uncommon trap: reason=unstable_if action=reinterpret pc=0x000001bb32bc0200 method=java.util.HashMap.getNode(Ljava/lang/Object;)Ljava/util/HashMap$Node; @ 85 c2
Event: 49.204 Thread 0x000001bb58f38ca0 DEOPT PACKING pc=0x000001bb32bc0200 sp=0x000000b7142f9120
Event: 49.204 Thread 0x000001bb58f38ca0 DEOPT UNPACKING pc=0x000001bb32424422 sp=0x000000b7142f90a0 mode 2
Event: 49.204 Thread 0x000001bb58f38ca0 Uncommon trap: trap_request=0xffffff45 fr.pc=0x000001bb32b500fc relative=0x00000000000006dc
Event: 49.204 Thread 0x000001bb58f38ca0 Uncommon trap: reason=unstable_if action=reinterpret pc=0x000001bb32b500fc method=java.util.HashMap.putVal(ILjava/lang/Object;Ljava/lang/Object;ZZ)Ljava/lang/Object; @ 109 c2
Event: 49.204 Thread 0x000001bb58f38ca0 DEOPT PACKING pc=0x000001bb32b500fc sp=0x000000b7142f90b0
Event: 49.204 Thread 0x000001bb58f38ca0 DEOPT UNPACKING pc=0x000001bb32424422 sp=0x000000b7142f9068 mode 2
Event: 50.365 Thread 0x000001bb58f38ca0 Uncommon trap: trap_request=0xffffff45 fr.pc=0x000001bb32a36dc4 relative=0x00000000000000a4
Event: 50.365 Thread 0x000001bb58f38ca0 Uncommon trap: reason=unstable_if action=reinterpret pc=0x000001bb32a36dc4 method=java.lang.ref.ReferenceQueue.poll()Ljava/lang/ref/Reference; @ 4 c2
Event: 50.365 Thread 0x000001bb58f38ca0 DEOPT PACKING pc=0x000001bb32a36dc4 sp=0x000000b7142f6990
Event: 50.365 Thread 0x000001bb58f38ca0 DEOPT UNPACKING pc=0x000001bb32424422 sp=0x000000b7142f6878 mode 2

Classes loaded (20 events):
Event: 48.088 Loading class java/nio/channels/Channels$ReadableByteChannelImpl
Event: 48.089 Loading class java/nio/channels/Channels$ReadableByteChannelImpl done
Event: 48.107 Loading class java/util/EmptyStackException
Event: 48.108 Loading class java/util/EmptyStackException done
Event: 48.116 Loading class java/io/InvalidClassException
Event: 48.117 Loading class java/io/InvalidClassException done
Event: 48.294 Loading class java/util/Comparators$NaturalOrderComparator
Event: 48.295 Loading class java/util/Comparators$NaturalOrderComparator done
Event: 49.108 Loading class java/nio/file/AtomicMoveNotSupportedException
Event: 49.108 Loading class java/nio/file/AtomicMoveNotSupportedException done
Event: 49.159 Loading class java/io/FileWriter
Event: 49.160 Loading class java/io/FileWriter done
Event: 50.367 Loading class sun/reflect/generics/tree/BooleanSignature
Event: 50.370 Loading class sun/reflect/generics/tree/BooleanSignature done
Event: 51.418 Loading class org/xml/sax/Locator
Event: 51.419 Loading class org/xml/sax/Locator done
Event: 51.419 Loading class org/xml/sax/SAXParseException
Event: 51.420 Loading class org/xml/sax/SAXParseException done
Event: 51.426 Loading class org/xml/sax/Attributes
Event: 51.426 Loading class org/xml/sax/Attributes done

Classes unloaded (0 events):
No events

Classes redefined (0 events):
No events

Internal exceptions (20 events):
Event: 37.687 Thread 0x000001bb58f38ca0 Exception <a 'java/lang/NoSuchMethodError'{0x00000000e82c3408}: 'void java.lang.invoke.DirectMethodHandle$Holder.invokeStatic(java.lang.Object, java.lang.Object, java.lang.Object, int, java.lang.Object)'> (0x00000000e82c3408) 
thrown [s\src\hotspot\share\interpreter\linkResolver.cpp, line 773]
Event: 37.735 Thread 0x000001bb58f38ca0 Exception <a 'java/lang/NoSuchMethodError'{0x00000000e8015530}: 'int java.lang.invoke.DirectMethodHandle$Holder.invokeInterface(java.lang.Object, java.lang.Object, java.lang.Object, java.lang.Object, java.lang.Object)'> (0x00000000e8015530) 
thrown [s\src\hotspot\share\interpreter\linkResolver.cpp, line 773]
Event: 37.950 Thread 0x000001bb58f38ca0 Exception <a 'java/lang/NoSuchMethodError'{0x00000000e7fefd28}: 'java.lang.Object java.lang.invoke.DirectMethodHandle$Holder.invokeSpecial(java.lang.Object, java.lang.Object, long, java.lang.Object, java.lang.Object)'> (0x00000000e7fefd28) 
thrown [s\src\hotspot\share\interpreter\linkResolver.cpp, line 773]
Event: 38.449 Thread 0x000001bb58f38ca0 Exception <a 'java/lang/NoSuchMethodError'{0x00000000e7a0b010}: 'java.lang.Object java.lang.invoke.DirectMethodHandle$Holder.newInvokeSpecial(java.lang.Object, java.lang.Object, java.lang.Object, java.lang.Object, int, java.lang.Object)'> (0x00000000e7a0b010) 
thrown [s\src\hotspot\share\interpreter\linkResolver.cpp, line 773]
Event: 38.450 Thread 0x000001bb58f38ca0 Exception <a 'java/lang/NoSuchMethodError'{0x00000000e7a135d0}: 'java.lang.Object java.lang.invoke.Invokers$Holder.linkToTargetMethod(java.lang.Object, java.lang.Object, java.lang.Object, int, java.lang.Object, java.lang.Object)'> (0x00000000e7a135d0) 
thrown [s\src\hotspot\share\interpreter\linkResolver.cpp, line 773]
Event: 38.705 Thread 0x000001bb58f38ca0 Exception <a 'java/lang/NoSuchMethodError'{0x00000000e77f3240}: 'java.lang.Object java.lang.invoke.DirectMethodHandle$Holder.invokeSpecialIFC(java.lang.Object, java.lang.Object, java.lang.Object)'> (0x00000000e77f3240) 
thrown [s\src\hotspot\share\interpreter\linkResolver.cpp, line 773]
Event: 47.929 Thread 0x000001bb58f38ca0 Exception <a 'java/lang/ClassNotFoundException'{0x00000000eef8b648}: sun/misc/SharedSecrets> (0x00000000eef8b648) 
thrown [s\src\hotspot\share\classfile\systemDictionary.cpp, line 312]
Event: 48.043 Thread 0x000001bb58f38ca0 Exception <a 'sun/nio/fs/WindowsException'{0x00000000eecd9ff8}> (0x00000000eecd9ff8) 
thrown [s\src\hotspot\share\prims\jni.cpp, line 520]
Event: 48.044 Thread 0x000001bb58f38ca0 Exception <a 'sun/nio/fs/WindowsException'{0x00000000eecdb7c0}> (0x00000000eecdb7c0) 
thrown [s\src\hotspot\share\prims\jni.cpp, line 520]
Event: 48.047 Thread 0x000001bb58f38ca0 Exception <a 'sun/nio/fs/WindowsException'{0x00000000eecf3728}> (0x00000000eecf3728) 
thrown [s\src\hotspot\share\prims\jni.cpp, line 520]
Event: 48.285 Thread 0x000001bb58f38ca0 Exception <a 'java/lang/NoSuchMethodError'{0x00000000ee44e540}: 'void java.lang.invoke.DirectMethodHandle$Holder.invokeStatic(java.lang.Object, java.lang.Object, java.lang.Object, java.lang.Object, java.lang.Object, java.lang.Object, java.lang.Object)'> (0x00000000ee44e540) 
thrown [s\src\hotspot\share\interpreter\linkResolver.cpp, line 773]
Event: 48.300 Thread 0x000001bb58f38ca0 Implicit null exception at 0x000001bb32a6bd24 to 0x000001bb32a6c754
Event: 49.281 Thread 0x000001bb58f38ca0 Exception <a 'java/lang/ClassNotFoundException'{0x00000000eddda218}: org/gradle/internal/metaobject/ConfigureDelegateBeanInfo> (0x00000000eddda218) 
thrown [s\src\hotspot\share\classfile\systemDictionary.cpp, line 312]
Event: 49.282 Thread 0x000001bb58f38ca0 Exception <a 'java/lang/ClassNotFoundException'{0x00000000edde4e68}: org/gradle/internal/metaobject/ConfigureDelegateCustomizer> (0x00000000edde4e68) 
thrown [s\src\hotspot\share\classfile\systemDictionary.cpp, line 312]
Event: 50.362 Thread 0x000001bb58f38ca0 Exception <a 'java/lang/ClassNotFoundException'{0x00000000edb2a530}: org/gradle/api/internal/project/DefaultProject_DecoratedBeanInfo> (0x00000000edb2a530) 
thrown [s\src\hotspot\share\classfile\systemDictionary.cpp, line 312]
Event: 50.363 Thread 0x000001bb58f38ca0 Exception <a 'java/lang/ClassNotFoundException'{0x00000000edb360e0}: org/gradle/api/internal/project/DefaultProjectBeanInfo> (0x00000000edb360e0) 
thrown [s\src\hotspot\share\classfile\systemDictionary.cpp, line 312]
Event: 50.363 Thread 0x000001bb58f38ca0 Exception <a 'java/lang/ClassNotFoundException'{0x00000000edb41fb8}: org/gradle/api/internal/project/DefaultProjectCustomizer> (0x00000000edb41fb8) 
thrown [s\src\hotspot\share\classfile\systemDictionary.cpp, line 312]
Event: 51.409 Thread 0x000001bb58f38ca0 Exception <a 'java/lang/ClassNotFoundException'{0x00000000edbfc730}: org/gradle/api/internal/project/DefaultProject_DecoratedCustomizer> (0x00000000edbfc730) 
thrown [s\src\hotspot\share\classfile\systemDictionary.cpp, line 312]
Event: 51.439 Thread 0x000001bb58f38ca0 Exception <a 'java/lang/ClassNotFoundException'{0x00000000edaaa618}: org/gradle/configuration/internal/DefaultListenerBuildOperationDecorator$BuildOperationEmittingClosureBeanInfo> (0x00000000edaaa618) 
thrown [s\src\hotspot\share\classfile\systemDictionary.cpp, line 312]
Event: 51.440 Thread 0x000001bb58f38ca0 Exception <a 'java/lang/ClassNotFoundException'{0x00000000edab6df8}: org/gradle/configuration/internal/DefaultListenerBuildOperationDecorator$BuildOperationEmittingClosureCustomizer> (0x00000000edab6df8) 
thrown [s\src\hotspot\share\classfile\systemDictionary.cpp, line 312]

ZGC Phase Switch (0 events):
No events

VM Operations (20 events):
Event: 40.409 Executing safepoint VM operation: Cleanup done
Event: 41.422 Executing safepoint VM operation: Cleanup
Event: 41.422 Executing safepoint VM operation: Cleanup done
Event: 41.531 Executing safepoint VM operation: G1CollectForAllocation (G1 Evacuation Pause)
Event: 41.724 Executing safepoint VM operation: G1CollectForAllocation (G1 Evacuation Pause) done
Event: 42.732 Executing safepoint VM operation: Cleanup
Event: 43.468 Executing safepoint VM operation: Cleanup done
Event: 45.483 Executing safepoint VM operation: Cleanup
Event: 45.483 Executing safepoint VM operation: Cleanup done
Event: 47.503 Executing safepoint VM operation: Cleanup
Event: 47.503 Executing safepoint VM operation: Cleanup done
Event: 48.517 Executing safepoint VM operation: Cleanup
Event: 48.517 Executing safepoint VM operation: Cleanup done
Event: 49.166 Executing non-safepoint VM operation: HandshakeAllThreads (Deoptimize)
Event: 49.166 Executing non-safepoint VM operation: HandshakeAllThreads (Deoptimize) done
Event: 50.180 Executing safepoint VM operation: Cleanup
Event: 50.306 Executing safepoint VM operation: Cleanup done
Event: 51.313 Executing safepoint VM operation: Cleanup
Event: 51.408 Executing safepoint VM operation: Cleanup done
Event: 52.412 Executing safepoint VM operation: Cleanup

Memory protections (0 events):
No events

Nmethod flushes (20 events):
Event: 15.110 Thread 0x000001bb3dc67730 flushing  nmethod 0x000001bb2b0c7790
Event: 15.110 Thread 0x000001bb3dc67730 flushing  nmethod 0x000001bb2b0c8a90
Event: 15.110 Thread 0x000001bb3dc67730 flushing  nmethod 0x000001bb2b0cc690
Event: 15.110 Thread 0x000001bb3dc67730 flushing  nmethod 0x000001bb2b0cf290
Event: 15.110 Thread 0x000001bb3dc67730 flushing  nmethod 0x000001bb2b143510
Event: 15.110 Thread 0x000001bb3dc67730 flushing  nmethod 0x000001bb2b144310
Event: 15.110 Thread 0x000001bb3dc67730 flushing  nmethod 0x000001bb2b147b10
Event: 15.110 Thread 0x000001bb3dc67730 flushing  nmethod 0x000001bb2b1c9410
Event: 15.110 Thread 0x000001bb3dc67730 flushing  nmethod 0x000001bb2b1cb310
Event: 15.110 Thread 0x000001bb3dc67730 flushing  nmethod 0x000001bb2b1d3090
Event: 15.110 Thread 0x000001bb3dc67730 flushing  nmethod 0x000001bb2b20f810
Event: 15.110 Thread 0x000001bb3dc67730 flushing  nmethod 0x000001bb2b20fc10
Event: 15.110 Thread 0x000001bb3dc67730 flushing  nmethod 0x000001bb2b210c90
Event: 15.110 Thread 0x000001bb3dc67730 flushing  nmethod 0x000001bb2b213790
Event: 15.110 Thread 0x000001bb3dc67730 flushing  nmethod 0x000001bb2b23d610
Event: 15.110 Thread 0x000001bb3dc67730 flushing  nmethod 0x000001bb2b23eb90
Event: 15.110 Thread 0x000001bb3dc67730 flushing  nmethod 0x000001bb2b2ec610
Event: 15.110 Thread 0x000001bb3dc67730 flushing  nmethod 0x000001bb2b2ed010
Event: 15.110 Thread 0x000001bb3dc67730 flushing  nmethod 0x000001bb2b2ed510
Event: 15.110 Thread 0x000001bb3dc67730 flushing  nmethod 0x000001bb2b2f0310

Events (20 events):
Event: 6.056 Thread 0x000001bb3dc95330 Thread added: 0x000001bb3dc95a00
Event: 6.876 Thread 0x000001bb58f38ca0 Thread added: 0x000001bb58f37260
Event: 7.339 Thread 0x000001bb58f38ca0 Thread added: 0x000001bb5b49d660
Event: 7.376 Thread 0x000001bb58f38ca0 Thread added: 0x000001bb5b49bc20
Event: 7.435 Thread 0x000001bb58f39330 Thread added: 0x000001bb5b49c2b0
Event: 7.556 Thread 0x000001bb3dc95a00 Thread exited: 0x000001bb3dc95a00
Event: 7.757 Thread 0x000001bb3dc93120 Thread exited: 0x000001bb3dc93120
Event: 7.844 Thread 0x000001bb58f38ca0 Thread added: 0x000001bb5b49cfd0
Event: 7.919 Thread 0x000001bb58f38ca0 Thread added: 0x000001bb5b49ea10
Event: 9.054 Thread 0x000001bb58f38ca0 Thread added: 0x000001bb5b49c940
Event: 9.529 Thread 0x000001bb58f38ca0 Thread added: 0x000001bb5b49e380
Event: 9.950 Thread 0x000001bb58f38ca0 Thread added: 0x000001bb5b49b590
Event: 10.809 Thread 0x000001bb58f38ca0 Thread added: 0x000001bb5b49f0a0
Event: 11.928 Thread 0x000001bb58f38ca0 Thread added: 0x000001bb5b4a2bb0
Event: 38.371 Thread 0x000001bb58f38ca0 Thread added: 0x000001bb5b872c40
Event: 38.371 Thread 0x000001bb58f38ca0 Thread added: 0x000001bb5b874680
Event: 38.504 Thread 0x000001bb58f38ca0 Thread added: 0x000001bb5b873960
Event: 38.506 Thread 0x000001bb58f38ca0 Thread added: 0x000001bb5b873ff0
Event: 38.706 Thread 0x000001bb58f38ca0 Thread added: 0x000001bb5b8725b0
Event: 38.708 Thread 0x000001bb58f38ca0 Thread added: 0x000001bb5b874d10


Dynamic libraries:
0x00007ff7826b0000 - 0x00007ff7826be000 	C:\Users\DEVBACKEND\.vscode\extensions\redhat.java-1.55.2026050508-win32-x64\jre\21.0.10-win32-x86_64\bin\java.exe
0x00007ffa18fc0000 - 0x00007ffa19227000 	C:\WINDOWS\SYSTEM32\ntdll.dll
0x00007ffa18150000 - 0x00007ffa18219000 	C:\WINDOWS\System32\KERNEL32.DLL
0x00007ffa16950000 - 0x00007ffa16d44000 	C:\WINDOWS\System32\KERNELBASE.dll
0x00007ffa0b3e0000 - 0x00007ffa0b47f000 	C:\WINDOWS\SYSTEM32\apphelp.dll
0x00007ffa15b70000 - 0x00007ffa15cbb000 	C:\WINDOWS\System32\ucrtbase.dll
0x00007ff9e3bf0000 - 0x00007ff9e3c08000 	C:\Users\DEVBACKEND\.vscode\extensions\redhat.java-1.55.2026050508-win32-x64\jre\21.0.10-win32-x86_64\bin\jli.dll
0x00007ff9e43b0000 - 0x00007ff9e43ce000 	C:\Users\DEVBACKEND\.vscode\extensions\redhat.java-1.55.2026050508-win32-x64\jre\21.0.10-win32-x86_64\bin\VCRUNTIME140.dll
0x00007ffa17b00000 - 0x00007ffa17cc5000 	C:\WINDOWS\System32\USER32.dll
0x00007ffa14ad0000 - 0x00007ffa14d63000 	C:\WINDOWS\WinSxS\amd64_microsoft.windows.common-controls_6595b64144ccf1df_6.0.26100.8115_none_3e075c82e3354f9c\COMCTL32.dll
0x00007ffa15b40000 - 0x00007ffa15b67000 	C:\WINDOWS\System32\win32u.dll
0x00007ffa18ec0000 - 0x00007ffa18f69000 	C:\WINDOWS\System32\msvcrt.dll
0x00007ffa175a0000 - 0x00007ffa175cb000 	C:\WINDOWS\System32\GDI32.dll
0x00007ffa15890000 - 0x00007ffa159bb000 	C:\WINDOWS\System32\gdi32full.dll
0x00007ffa16730000 - 0x00007ffa167d3000 	C:\WINDOWS\System32\msvcp_win.dll
0x00007ffa16e10000 - 0x00007ffa16e42000 	C:\WINDOWS\System32\IMM32.DLL
0x00007ff9f8d40000 - 0x00007ff9f8d4c000 	C:\Users\DEVBACKEND\.vscode\extensions\redhat.java-1.55.2026050508-win32-x64\jre\21.0.10-win32-x86_64\bin\vcruntime140_1.dll
0x00007ff9e3670000 - 0x00007ff9e36fd000 	C:\Users\DEVBACKEND\.vscode\extensions\redhat.java-1.55.2026050508-win32-x64\jre\21.0.10-win32-x86_64\bin\msvcp140.dll
0x00007ff969920000 - 0x00007ff96a6c1000 	C:\Users\DEVBACKEND\.vscode\extensions\redhat.java-1.55.2026050508-win32-x64\jre\21.0.10-win32-x86_64\bin\server\jvm.dll
0x00007ffa16d50000 - 0x00007ffa16e06000 	C:\WINDOWS\System32\ADVAPI32.dll
0x00007ffa180a0000 - 0x00007ffa18147000 	C:\WINDOWS\System32\sechost.dll
0x00007ffa18990000 - 0x00007ffa18aa8000 	C:\WINDOWS\System32\RPCRT4.dll
0x00007ffa175d0000 - 0x00007ffa17650000 	C:\WINDOWS\System32\WS2_32.dll
0x00007ffa13eb0000 - 0x00007ffa13ebb000 	C:\WINDOWS\SYSTEM32\VERSION.dll
0x00007ffa156f0000 - 0x00007ffa1574e000 	C:\WINDOWS\SYSTEM32\POWRPROF.dll
0x00007ffa046d0000 - 0x00007ffa04706000 	C:\WINDOWS\SYSTEM32\WINMM.dll
0x00007ffa156d0000 - 0x00007ffa156e4000 	C:\WINDOWS\SYSTEM32\UMPDC.dll
0x00007ffa148a0000 - 0x00007ffa148bb000 	C:\WINDOWS\SYSTEM32\kernel.appcore.dll
0x00007ff9f6590000 - 0x00007ff9f659a000 	C:\Users\DEVBACKEND\.vscode\extensions\redhat.java-1.55.2026050508-win32-x64\jre\21.0.10-win32-x86_64\bin\jimage.dll
0x00007ffa15040000 - 0x00007ffa15282000 	C:\WINDOWS\SYSTEM32\DBGHELP.DLL
0x00007ffa18ab0000 - 0x00007ffa18e32000 	C:\WINDOWS\System32\combase.dll
0x00007ffa17a20000 - 0x00007ffa17af8000 	C:\WINDOWS\System32\OLEAUT32.dll
0x00007ffa14f30000 - 0x00007ffa14f6b000 	C:\WINDOWS\SYSTEM32\dbgcore.DLL
0x00007ffa167e0000 - 0x00007ffa16885000 	C:\WINDOWS\System32\bcryptPrimitives.dll
0x00007ff9ebdb0000 - 0x00007ff9ebdbf000 	C:\Users\DEVBACKEND\.vscode\extensions\redhat.java-1.55.2026050508-win32-x64\jre\21.0.10-win32-x86_64\bin\instrument.dll
0x00007ff9e3a10000 - 0x00007ff9e3a30000 	C:\Users\DEVBACKEND\.vscode\extensions\redhat.java-1.55.2026050508-win32-x64\jre\21.0.10-win32-x86_64\bin\java.dll
0x00007ffa18220000 - 0x00007ffa18987000 	C:\WINDOWS\System32\SHELL32.dll
0x00007ffa15cc0000 - 0x00007ffa15e2a000 	C:\WINDOWS\System32\wintypes.dll
0x00007ffa15e30000 - 0x00007ffa16698000 	C:\WINDOWS\System32\windows.storage.dll
0x00007ffa174a0000 - 0x00007ffa17598000 	C:\WINDOWS\System32\SHCORE.dll
0x00007ffa17430000 - 0x00007ffa17496000 	C:\WINDOWS\System32\shlwapi.dll
0x00007ffa157b0000 - 0x00007ffa157d9000 	C:\WINDOWS\SYSTEM32\profapi.dll
0x00007ff9e38c0000 - 0x00007ff9e38d8000 	C:\Users\DEVBACKEND\.vscode\extensions\redhat.java-1.55.2026050508-win32-x64\jre\21.0.10-win32-x86_64\bin\zip.dll
0x00007ff9e9f00000 - 0x00007ff9e9f10000 	C:\Users\DEVBACKEND\.vscode\extensions\redhat.java-1.55.2026050508-win32-x64\jre\21.0.10-win32-x86_64\bin\net.dll
0x00007ffa088a0000 - 0x00007ffa089cd000 	C:\WINDOWS\SYSTEM32\WINHTTP.dll
0x00007ffa13ab0000 - 0x00007ffa13b1c000 	C:\WINDOWS\system32\mswsock.dll
0x00007ff9e3800000 - 0x00007ff9e3816000 	C:\Users\DEVBACKEND\.vscode\extensions\redhat.java-1.55.2026050508-win32-x64\jre\21.0.10-win32-x86_64\bin\nio.dll
0x00007ff9e9b50000 - 0x00007ff9e9b60000 	C:\Users\DEVBACKEND\.vscode\extensions\redhat.java-1.55.2026050508-win32-x64\jre\21.0.10-win32-x86_64\bin\verify.dll
0x00007ff9a4470000 - 0x00007ff9a4497000 	C:\Users\DEVBACKEND\.gradle\native\c067742578af261105cb4f569cf0c3c89f3d7b1fecec35dd04571415982c5e48\windows-amd64\native-platform.dll
0x00007ff99d9c0000 - 0x00007ff99db04000 	C:\Users\DEVBACKEND\.gradle\native\100fb08df4bc3b14c8652ba06237920a3bd2aa13389f12d3474272988ae205f9\windows-amd64\native-platform-file-events.dll
0x00007ff9e37f0000 - 0x00007ff9e37fa000 	C:\Users\DEVBACKEND\.vscode\extensions\redhat.java-1.55.2026050508-win32-x64\jre\21.0.10-win32-x86_64\bin\management.dll
0x00007ff9e3400000 - 0x00007ff9e340c000 	C:\Users\DEVBACKEND\.vscode\extensions\redhat.java-1.55.2026050508-win32-x64\jre\21.0.10-win32-x86_64\bin\management_ext.dll
0x00007ffa17950000 - 0x00007ffa17958000 	C:\WINDOWS\System32\PSAPI.DLL
0x00007ffa153b0000 - 0x00007ffa153cb000 	C:\WINDOWS\SYSTEM32\CRYPTSP.dll
0x00007ffa13570000 - 0x00007ffa135a9000 	C:\WINDOWS\system32\rsaenh.dll
0x00007ffa13b60000 - 0x00007ffa13b93000 	C:\WINDOWS\SYSTEM32\USERENV.dll
0x00007ffa15780000 - 0x00007ffa157aa000 	C:\WINDOWS\SYSTEM32\bcrypt.dll
0x00007ffa13d10000 - 0x00007ffa13d1c000 	C:\WINDOWS\SYSTEM32\CRYPTBASE.dll
0x00007ffa13040000 - 0x00007ffa13072000 	C:\WINDOWS\SYSTEM32\IPHLPAPI.DLL
0x00007ffa17310000 - 0x00007ffa1731a000 	C:\WINDOWS\System32\NSI.dll
0x00007ff9e3b50000 - 0x00007ff9e3b59000 	C:\Users\DEVBACKEND\.vscode\extensions\redhat.java-1.55.2026050508-win32-x64\jre\21.0.10-win32-x86_64\bin\extnet.dll
0x00007ff9e41b0000 - 0x00007ff9e41be000 	C:\Users\DEVBACKEND\.vscode\extensions\redhat.java-1.55.2026050508-win32-x64\jre\21.0.10-win32-x86_64\bin\sunmscapi.dll
0x00007ffa159c0000 - 0x00007ffa15b37000 	C:\WINDOWS\System32\CRYPT32.dll
0x00007ffa14950000 - 0x00007ffa14980000 	C:\WINDOWS\SYSTEM32\ncrypt.dll
0x00007ffa14840000 - 0x00007ffa1487f000 	C:\WINDOWS\SYSTEM32\NTASN1.dll
0x00007ffa14470000 - 0x00007ffa14478000 	C:\WINDOWS\system32\wshunix.dll

JVMTI agents:
C:\Users\DEVBACKEND\.gradle\wrapper\dists\gradle-8.11.1-all\2qik7nd48slq1ooc2496ixf4i\gradle-8.11.1\lib\agents\gradle-instrumentation-agent-8.11.1.jar path:C:\Users\DEVBACKEND\.vscode\extensions\redhat.java-1.55.2026050508-win32-x64\jre\21.0.10-win32-x86_64\bin\instrument.dll, loaded, initialized, instrumentlib options:none

dbghelp: loaded successfully - version: 4.0.5 - missing functions: none
symbol engine: initialized successfully - sym options: 0x614 - pdb path: .;C:\Users\DEVBACKEND\.vscode\extensions\redhat.java-1.55.2026050508-win32-x64\jre\21.0.10-win32-x86_64\bin;C:\WINDOWS\SYSTEM32;C:\WINDOWS\WinSxS\amd64_microsoft.windows.common-controls_6595b64144ccf1df_6.0.26100.8115_none_3e075c82e3354f9c;C:\Users\DEVBACKEND\.vscode\extensions\redhat.java-1.55.2026050508-win32-x64\jre\21.0.10-win32-x86_64\bin\server;C:\Users\DEVBACKEND\.gradle\native\c067742578af261105cb4f569cf0c3c89f3d7b1fecec35dd04571415982c5e48\windows-amd64;C:\Users\DEVBACKEND\.gradle\native\100fb08df4bc3b14c8652ba06237920a3bd2aa13389f12d3474272988ae205f9\windows-amd64

VM Arguments:
jvm_args: --add-opens=java.base/java.lang=ALL-UNNAMED --add-opens=java.base/java.lang.invoke=ALL-UNNAMED --add-opens=java.base/java.util=ALL-UNNAMED --add-opens=java.prefs/java.util.prefs=ALL-UNNAMED --add-exports=jdk.compiler/com.sun.tools.javac.api=ALL-UNNAMED --add-exports=jdk.compiler/com.sun.tools.javac.util=ALL-UNNAMED --add-opens=java.base/java.util=ALL-UNNAMED --add-opens=java.prefs/java.util.prefs=ALL-UNNAMED --add-opens=java.base/java.nio.charset=ALL-UNNAMED --add-opens=java.base/java.net=ALL-UNNAMED --add-opens=java.base/java.util.concurrent.atomic=ALL-UNNAMED --add-opens=java.xml/javax.xml.namespace=ALL-UNNAMED -XX:MaxMetaspaceSize=384m -XX:+HeapDumpOnOutOfMemoryError -Xms256m -Xmx512m -Dfile.encoding=UTF-8 -Duser.country=FR -Duser.language=fr -Duser.variant -javaagent:C:\Users\DEVBACKEND\.gradle\wrapper\dists\gradle-8.11.1-all\2qik7nd48slq1ooc2496ixf4i\gradle-8.11.1\lib\agents\gradle-instrumentation-agent-8.11.1.jar 
java_command: org.gradle.launcher.daemon.bootstrap.GradleDaemon 8.11.1
java_class_path (initial): C:\Users\DEVBACKEND\.gradle\wrapper\dists\gradle-8.11.1-all\2qik7nd48slq1ooc2496ixf4i\gradle-8.11.1\lib\gradle-daemon-main-8.11.1.jar
Launcher Type: SUN_STANDARD

[Global flags]
     intx CICompilerCount                          = 4                                         {product} {ergonomic}
   size_t CompressedClassSpaceSize                 = 335544320                                 {product} {ergonomic}
     uint ConcGCThreads                            = 3                                         {product} {ergonomic}
     uint G1ConcRefinementThreads                  = 11                                        {product} {ergonomic}
   size_t G1HeapRegionSize                         = 1048576                                   {product} {ergonomic}
    uintx GCDrainStackTargetSize                   = 64                                        {product} {ergonomic}
     bool HeapDumpOnOutOfMemoryError               = true                                   {manageable} {command line}
   size_t InitialHeapSize                          = 268435456                                 {product} {command line}
   size_t MarkStackSize                            = 4194304                                   {product} {ergonomic}
   size_t MaxHeapSize                              = 536870912                                 {product} {command line}
   size_t MaxMetaspaceSize                         = 402653184                                 {product} {command line}
   size_t MaxNewSize                               = 321912832                                 {product} {ergonomic}
   size_t MinHeapDeltaBytes                        = 1048576                                   {product} {ergonomic}
   size_t MinHeapSize                              = 268435456                                 {product} {command line}
    uintx NonNMethodCodeHeapSize                   = 5839372                                {pd product} {ergonomic}
    uintx NonProfiledCodeHeapSize                  = 122909434                              {pd product} {ergonomic}
    uintx ProfiledCodeHeapSize                     = 122909434                              {pd product} {ergonomic}
    uintx ReservedCodeCacheSize                    = 251658240                              {pd product} {ergonomic}
     bool SegmentedCodeCache                       = true                                      {product} {ergonomic}
   size_t SoftMaxHeapSize                          = 536870912                              {manageable} {ergonomic}
     bool UseCompressedOops                        = true                           {product lp64_product} {ergonomic}
     bool UseG1GC                                  = true                                      {product} {ergonomic}
     bool UseLargePagesIndividualAllocation        = false                                  {pd product} {ergonomic}

Logging:
Log output configuration:
 #0: stdout all=warning uptime,level,tags foldmultilines=false
 #1: stderr all=off uptime,level,tags foldmultilines=false

Release file:
JAVA_VERSION="21.0.10" 
MODULES="java.base java.compiler java.datatransfer java.xml java.prefs java.desktop java.instrument java.logging java.management java.security.sasl java.naming java.rmi java.management.rmi java.net.http java.scripting java.security.jgss java.transaction.xa java.sql java.sql.rowset java.xml.crypto java.se java.smartcardio jdk.accessibility jdk.internal.jvmstat jdk.attach jdk.charsets jdk.internal.opt jdk.zipfs jdk.compiler jdk.crypto.ec jdk.crypto.cryptoki jdk.crypto.mscapi jdk.dynalink jdk.internal.ed jdk.editpad jdk.hotspot.agent jdk.httpserver jdk.internal.le jdk.internal.vm.ci jdk.internal.vm.compiler jdk.internal.vm.compiler.management jdk.jartool jdk.javadoc jdk.jcmd jdk.management jdk.management.agent jdk.jconsole jdk.jdeps jdk.jdwp.agent jdk.jdi jdk.jfr jdk.jshell jdk.jsobject jdk.jstatd jdk.localedata jdk.management.jfr jdk.naming.dns jdk.naming.rmi jdk.net jdk.nio.mapmode jdk.random jdk.sctp jdk.security.auth jdk.security.jgss jdk.unsupported jdk.unsupported.desktop jdk.xml.dom" 

Environment Variables:
JAVA_HOME=C:\Program Files\Microsoft\jdk-17.0.18.8-hotspot\
PATH=C:\Users\DEVBACKEND\AppData\Local\Programs\Microsoft VS Code;C:\Program Files\Microsoft\jdk-17.0.18.8-hotspot\bin;C:\Python313\Scripts\;C:\Python313\;C:\WINDOWS\system32;C:\WINDOWS;C:\WINDOWS\System32\Wbem;C:\WINDOWS\System32\WindowsPowerShell\v1.0\;C:\WINDOWS\System32\OpenSSH\;C:\Program Files\nodejs\;C:\ProgramData\chocolatey\bin;C:\Program Files\Git\cmd;C:\Program Files\PowerShell\7-preview\preview;C:\Program Files\Docker\Docker\resources\bin;C:\Program Files\RedHat\java-1.8.0-openjdk-1.8.0.482-1\bin;C:\Program Files\RedHat\java-1.8.0-openjdk-1.8.0.482-1\jre\bin;C:\Users\DEVBACKEND\AppData\Local\Microsoft\WinGet\Packages\PHP.PHP.NTS.8.4_Microsoft.Winget.Source_8wekyb3d8bbwe;C:\ProgramData\ComposerSetup\bin;C:\Program Files\PowerShell\7\;C:\Program Files\GitHub CLI\;C:\Program Files\Go\bin;C:\Program Files\dotnet\;C:\Users\DEVBACKEND\AppData\Local\Programs\Python\Python313\Scripts\;C:\Users\DEVBACKEND\AppData\Local\Programs\Python\Python313\;C:\Users\DEVBACKEND\AppData\Local\Microsoft\WindowsApps;C:\Users\DEVBACKEND\AppData\Local\Programs\Microsoft VS Code\bin;C:\Users\DEVBACKEND\AppData\Roaming\npm;C:\Users\DEVBACKEND\AppData\Local\GitHubDesktop\bin;C:\Users\DEVBACKEND\dev\flutter\bin;C:\Users\DEVBACKEND\AppData\Local\Microsoft\WinGet\Links;C:\Users\DEVBACKEND\AppData\Roaming\Composer\vendor\bin;C:\Users\DEVBACKEND\AppData\Local\Programs\cursor\resources\app\bin;C:\Users\DEVBACKEND\go\bin;C:\Users\DEVBACKEND\.dotnet\tools
USERNAME=DEVBACKEND
OS=Windows_NT
PROCESSOR_IDENTIFIER=Intel64 Family 6 Model 170 Stepping 4, GenuineIntel
TMP=C:\Users\DEVBAC~1\AppData\Local\Temp
TEMP=C:\Users\DEVBAC~1\AppData\Local\Temp




Periodic native trim disabled

---------------  S Y S T E M  ---------------

OS:
 Windows 11 , 64 bit Build 26100 (10.0.26100.8246)
OS uptime: 1 days 3:50 hours
Hyper-V role detected

CPU: total 14 (initial active 14) (7 cores per cpu, 2 threads per core) family 6 model 170 stepping 4 microcode 0x1c, cx8, cmov, fxsr, ht, mmx, 3dnowpref, sse, sse2, sse3, ssse3, sse4.1, sse4.2, popcnt, lzcnt, tsc, tscinvbit, avx, avx2, aes, erms, clmul, bmi1, bmi2, adx, sha, fma, vzeroupper, clflush, clflushopt, clwb, hv, serialize, rdtscp, rdpid, fsrm, f16c, cet_ibt, cet_ss
Processor Information for processor 0
  Max Mhz: 1300, Current Mhz: 1300, Mhz Limit: 1300
Processor Information for processor 1
  Max Mhz: 1300, Current Mhz: 1300, Mhz Limit: 1300
Processor Information for processor 2
  Max Mhz: 800, Current Mhz: 800, Mhz Limit: 800
Processor Information for processor 3
  Max Mhz: 800, Current Mhz: 800, Mhz Limit: 800
Processor Information for processor 4
  Max Mhz: 800, Current Mhz: 800, Mhz Limit: 800
Processor Information for processor 5
  Max Mhz: 800, Current Mhz: 800, Mhz Limit: 800
Processor Information for processor 6
  Max Mhz: 800, Current Mhz: 800, Mhz Limit: 800
Processor Information for processor 7
  Max Mhz: 800, Current Mhz: 800, Mhz Limit: 800
Processor Information for processor 8
  Max Mhz: 800, Current Mhz: 800, Mhz Limit: 800
Processor Information for processor 9
  Max Mhz: 800, Current Mhz: 800, Mhz Limit: 800
Processor Information for processor 10
  Max Mhz: 1300, Current Mhz: 1300, Mhz Limit: 1300
Processor Information for processor 11
  Max Mhz: 1300, Current Mhz: 1300, Mhz Limit: 1300
Processor Information for processor 12
  Max Mhz: 700, Current Mhz: 700, Mhz Limit: 700
Processor Information for processor 13
  Max Mhz: 700, Current Mhz: 700, Mhz Limit: 700

Memory: 4k page, system-wide physical 7657M (299M free)
TotalPageFile size 31209M (AvailPageFile size 44M)
current process WorkingSet (physical memory assigned to process): 177M, peak: 274M
current process commit charge ("private bytes"): 477M, peak: 483M

vm_info: OpenJDK 64-Bit Server VM (21.0.10+7-LTS) for windows-amd64 JRE (21.0.10+7-LTS), built on 2026-01-20T00:00:00Z by "admin" with MS VC++ 17.12 (VS2022)

END.
